{"/Users/Tony1/Documents/Ultron/src/lib/api-guard.ts": {"path":"/Users/Tony1/Documents/Ultron/src/lib/api-guard.ts","all":false,"statementMap":{"0":{"start":{"line":1,"column":0},"end":{"line":1,"column":55}},"9":{"start":{"line":10,"column":0},"end":{"line":10,"column":46}},"10":{"start":{"line":11,"column":0},"end":{"line":11,"column":19}},"11":{"start":{"line":12,"column":0},"end":{"line":12,"column":18}},"12":{"start":{"line":13,"column":0},"end":{"line":13,"column":71}},"13":{"start":{"line":14,"column":0},"end":{"line":14,"column":17}},"14":{"start":{"line":15,"column":0},"end":{"line":15,"column":2}},"42":{"start":{"line":43,"column":0},"end":{"line":43,"column":21}},"43":{"start":{"line":44,"column":0},"end":{"line":44,"column":20}},"44":{"start":{"line":45,"column":0},"end":{"line":45,"column":28}},"45":{"start":{"line":46,"column":0},"end":{"line":46,"column":20}},"46":{"start":{"line":47,"column":0},"end":{"line":47,"column":22}},"47":{"start":{"line":48,"column":0},"end":{"line":48,"column":10}},"64":{"start":{"line":65,"column":0},"end":{"line":65,"column":25}},"65":{"start":{"line":66,"column":0},"end":{"line":66,"column":24}},"66":{"start":{"line":67,"column":0},"end":{"line":67,"column":24}},"67":{"start":{"line":68,"column":0},"end":{"line":68,"column":52}},"68":{"start":{"line":69,"column":0},"end":{"line":69,"column":85}},"70":{"start":{"line":71,"column":0},"end":{"line":71,"column":72}},"71":{"start":{"line":72,"column":0},"end":{"line":72,"column":32}},"72":{"start":{"line":73,"column":0},"end":{"line":73,"column":45}},"73":{"start":{"line":74,"column":0},"end":{"line":74,"column":40}},"74":{"start":{"line":75,"column":0},"end":{"line":75,"column":37}},"75":{"start":{"line":76,"column":0},"end":{"line":76,"column":5}},"78":{"start":{"line":79,"column":0},"end":{"line":79,"column":51}},"79":{"start":{"line":80,"column":0},"end":{"line":80,"column":26}},"80":{"start":{"line":81,"column":0},"end":{"line":81,"column":71}},"81":{"start":{"line":82,"column":0},"end":{"line":82,"column":5}},"84":{"start":{"line":85,"column":0},"end":{"line":85,"column":9}},"85":{"start":{"line":86,"column":0},"end":{"line":86,"column":41}},"86":{"start":{"line":87,"column":0},"end":{"line":87,"column":21}},"87":{"start":{"line":88,"column":0},"end":{"line":88,"column":86}},"88":{"start":{"line":89,"column":0},"end":{"line":89,"column":51}},"89":{"start":{"line":90,"column":0},"end":{"line":90,"column":5}},"90":{"start":{"line":91,"column":0},"end":{"line":91,"column":3}},"91":{"start":{"line":92,"column":0},"end":{"line":92,"column":1}},"101":{"start":{"line":102,"column":0},"end":{"line":102,"column":68}},"102":{"start":{"line":103,"column":0},"end":{"line":103,"column":63}},"103":{"start":{"line":104,"column":0},"end":{"line":104,"column":1}},"105":{"start":{"line":106,"column":0},"end":{"line":106,"column":71}},"106":{"start":{"line":107,"column":0},"end":{"line":107,"column":74}},"107":{"start":{"line":108,"column":0},"end":{"line":108,"column":1}},"114":{"start":{"line":115,"column":0},"end":{"line":115,"column":65}},"115":{"start":{"line":116,"column":0},"end":{"line":116,"column":70}},"116":{"start":{"line":117,"column":0},"end":{"line":117,"column":17}},"117":{"start":{"line":118,"column":0},"end":{"line":118,"column":3}},"118":{"start":{"line":119,"column":0},"end":{"line":119,"column":19}},"119":{"start":{"line":120,"column":0},"end":{"line":120,"column":1}}},"s":{"0":1,"9":1,"10":1,"11":1,"12":1,"13":1,"14":1,"42":1,"43":1,"44":1,"45":1,"46":1,"47":1,"64":1,"65":16,"66":16,"67":16,"68":16,"70":16,"71":16,"72":7,"73":7,"74":7,"75":7,"78":13,"79":16,"80":2,"81":2,"84":11,"85":11,"86":16,"87":3,"88":3,"89":3,"90":16,"91":16,"101":1,"102":4,"103":4,"105":1,"106":9,"107":9,"114":4,"115":4,"116":2,"117":2,"118":2,"119":2},"branchMap":{"0":{"type":"branch","line":65,"loc":{"start":{"line":65,"column":7},"end":{"line":92,"column":1}},"locations":[{"start":{"line":65,"column":7},"end":{"line":92,"column":1}}]},"1":{"type":"branch","line":69,"loc":{"start":{"line":69,"column":9},"end":{"line":91,"column":3}},"locations":[{"start":{"line":69,"column":9},"end":{"line":91,"column":3}}]},"2":{"type":"branch","line":71,"loc":{"start":{"line":71,"column":31},"end":{"line":71,"column":72}},"locations":[{"start":{"line":71,"column":31},"end":{"line":71,"column":72}}]},"3":{"type":"branch","line":72,"loc":{"start":{"line":72,"column":31},"end":{"line":76,"column":5}},"locations":[{"start":{"line":72,"column":31},"end":{"line":76,"column":5}}]},"4":{"type":"branch","line":75,"loc":{"start":{"line":75,"column":21},"end":{"line":75,"column":37}},"locations":[{"start":{"line":75,"column":21},"end":{"line":75,"column":37}}]},"5":{"type":"branch","line":76,"loc":{"start":{"line":76,"column":4},"end":{"line":80,"column":25}},"locations":[{"start":{"line":76,"column":4},"end":{"line":80,"column":25}}]},"6":{"type":"branch","line":80,"loc":{"start":{"line":80,"column":25},"end":{"line":82,"column":5}},"locations":[{"start":{"line":80,"column":25},"end":{"line":82,"column":5}}]},"7":{"type":"branch","line":81,"loc":{"start":{"line":81,"column":27},"end":{"line":81,"column":52}},"locations":[{"start":{"line":81,"column":27},"end":{"line":81,"column":52}}]},"8":{"type":"branch","line":81,"loc":{"start":{"line":81,"column":57},"end":{"line":81,"column":70}},"locations":[{"start":{"line":81,"column":57},"end":{"line":81,"column":70}}]},"9":{"type":"branch","line":82,"loc":{"start":{"line":82,"column":4},"end":{"line":87,"column":13}},"locations":[{"start":{"line":82,"column":4},"end":{"line":87,"column":13}}]},"10":{"type":"branch","line":87,"loc":{"start":{"line":87,"column":4},"end":{"line":90,"column":5}},"locations":[{"start":{"line":87,"column":4},"end":{"line":90,"column":5}}]},"11":{"type":"branch","line":102,"loc":{"start":{"line":102,"column":7},"end":{"line":104,"column":1}},"locations":[{"start":{"line":102,"column":7},"end":{"line":104,"column":1}}]},"12":{"type":"branch","line":106,"loc":{"start":{"line":106,"column":7},"end":{"line":108,"column":1}},"locations":[{"start":{"line":106,"column":7},"end":{"line":108,"column":1}}]},"13":{"type":"branch","line":115,"loc":{"start":{"line":115,"column":0},"end":{"line":120,"column":1}},"locations":[{"start":{"line":115,"column":0},"end":{"line":120,"column":1}}]},"14":{"type":"branch","line":116,"loc":{"start":{"line":116,"column":17},"end":{"line":116,"column":47}},"locations":[{"start":{"line":116,"column":17},"end":{"line":116,"column":47}}]},"15":{"type":"branch","line":116,"loc":{"start":{"line":116,"column":37},"end":{"line":116,"column":69}},"locations":[{"start":{"line":116,"column":37},"end":{"line":116,"column":69}}]},"16":{"type":"branch","line":116,"loc":{"start":{"line":116,"column":69},"end":{"line":120,"column":1}},"locations":[{"start":{"line":116,"column":69},"end":{"line":120,"column":1}}]}},"b":{"0":[16],"1":[16],"2":[4],"3":[7],"4":[3],"5":[13],"6":[2],"7":[0],"8":[0],"9":[11],"10":[3],"11":[4],"12":[9],"13":[4],"14":[3],"15":[2],"16":[2]},"fnMap":{"0":{"name":"apiGuard","decl":{"start":{"line":65,"column":7},"end":{"line":92,"column":1}},"loc":{"start":{"line":65,"column":7},"end":{"line":92,"column":1}},"line":65},"1":{"name":"guardedHandler","decl":{"start":{"line":69,"column":9},"end":{"line":91,"column":3}},"loc":{"start":{"line":69,"column":9},"end":{"line":91,"column":3}},"line":69},"2":{"name":"apiSuccess","decl":{"start":{"line":102,"column":7},"end":{"line":104,"column":1}},"loc":{"start":{"line":102,"column":7},"end":{"line":104,"column":1}},"line":102},"3":{"name":"apiError","decl":{"start":{"line":106,"column":7},"end":{"line":108,"column":1}},"loc":{"start":{"line":106,"column":7},"end":{"line":108,"column":1}},"line":106},"4":{"name":"inferLimiter","decl":{"start":{"line":115,"column":0},"end":{"line":120,"column":1}},"loc":{"start":{"line":115,"column":0},"end":{"line":120,"column":1}},"line":115}},"f":{"0":16,"1":16,"2":4,"3":9,"4":4}}
,"/Users/Tony1/Documents/Ultron/src/lib/autonomous-events.ts": {"path":"/Users/Tony1/Documents/Ultron/src/lib/autonomous-events.ts","all":false,"statementMap":{"0":{"start":{"line":1,"column":0},"end":{"line":1,"column":3}},"14":{"start":{"line":15,"column":0},"end":{"line":15,"column":51}},"18":{"start":{"line":19,"column":0},"end":{"line":19,"column":10}},"19":{"start":{"line":20,"column":0},"end":{"line":20,"column":55}},"20":{"start":{"line":21,"column":0},"end":{"line":21,"column":1}},"22":{"start":{"line":23,"column":0},"end":{"line":23,"column":81}},"23":{"start":{"line":24,"column":0},"end":{"line":24,"column":67}},"24":{"start":{"line":25,"column":0},"end":{"line":25,"column":96}},"25":{"start":{"line":26,"column":0},"end":{"line":26,"column":1}},"27":{"start":{"line":28,"column":0},"end":{"line":28,"column":61}},"28":{"start":{"line":29,"column":0},"end":{"line":29,"column":55}},"29":{"start":{"line":30,"column":0},"end":{"line":30,"column":84}},"30":{"start":{"line":31,"column":0},"end":{"line":31,"column":1}},"32":{"start":{"line":33,"column":0},"end":{"line":33,"column":94}},"33":{"start":{"line":34,"column":0},"end":{"line":34,"column":101}},"34":{"start":{"line":35,"column":0},"end":{"line":35,"column":1}},"36":{"start":{"line":37,"column":0},"end":{"line":37,"column":76}},"37":{"start":{"line":38,"column":0},"end":{"line":38,"column":54}},"38":{"start":{"line":39,"column":0},"end":{"line":39,"column":91}},"39":{"start":{"line":40,"column":0},"end":{"line":40,"column":1}},"41":{"start":{"line":42,"column":0},"end":{"line":42,"column":60}},"42":{"start":{"line":43,"column":0},"end":{"line":43,"column":46}},"43":{"start":{"line":44,"column":0},"end":{"line":44,"column":83}},"44":{"start":{"line":45,"column":0},"end":{"line":45,"column":1}},"50":{"start":{"line":51,"column":0},"end":{"line":51,"column":101}},"51":{"start":{"line":52,"column":0},"end":{"line":52,"column":87}},"52":{"start":{"line":53,"column":0},"end":{"line":53,"column":1}},"54":{"start":{"line":55,"column":0},"end":{"line":55,"column":103}},"55":{"start":{"line":56,"column":0},"end":{"line":56,"column":82}},"56":{"start":{"line":57,"column":0},"end":{"line":57,"column":1}},"58":{"start":{"line":59,"column":0},"end":{"line":59,"column":106}},"59":{"start":{"line":60,"column":0},"end":{"line":60,"column":85}},"60":{"start":{"line":61,"column":0},"end":{"line":61,"column":1}},"66":{"start":{"line":67,"column":0},"end":{"line":67,"column":104}},"67":{"start":{"line":68,"column":0},"end":{"line":68,"column":86}},"68":{"start":{"line":69,"column":0},"end":{"line":69,"column":91}},"69":{"start":{"line":70,"column":0},"end":{"line":70,"column":1}},"71":{"start":{"line":72,"column":0},"end":{"line":72,"column":38}},"72":{"start":{"line":73,"column":0},"end":{"line":73,"column":19}},"73":{"start":{"line":74,"column":0},"end":{"line":74,"column":19}},"74":{"start":{"line":75,"column":0},"end":{"line":75,"column":15}},"75":{"start":{"line":76,"column":0},"end":{"line":76,"column":9}},"76":{"start":{"line":77,"column":0},"end":{"line":77,"column":83}},"77":{"start":{"line":78,"column":0},"end":{"line":78,"column":1}},"79":{"start":{"line":80,"column":0},"end":{"line":80,"column":90}},"80":{"start":{"line":81,"column":0},"end":{"line":81,"column":69}},"81":{"start":{"line":82,"column":0},"end":{"line":82,"column":77}},"82":{"start":{"line":83,"column":0},"end":{"line":83,"column":1}}},"s":{"0":1,"14":1,"18":1,"19":1,"20":1,"22":1,"23":2,"24":2,"25":2,"27":1,"28":1,"29":1,"30":1,"32":1,"33":1,"34":1,"36":1,"37":1,"38":1,"39":1,"41":1,"42":1,"43":1,"44":1,"50":1,"51":1,"52":1,"54":1,"55":2,"56":2,"58":1,"59":2,"60":2,"66":1,"67":1,"68":1,"69":1,"71":1,"72":1,"73":1,"74":1,"75":1,"76":1,"77":1,"79":1,"80":1,"81":1,"82":1},"branchMap":{"0":{"type":"branch","line":15,"loc":{"start":{"line":15,"column":7},"end":{"line":21,"column":1}},"locations":[{"start":{"line":15,"column":7},"end":{"line":21,"column":1}}]},"1":{"type":"branch","line":23,"loc":{"start":{"line":23,"column":7},"end":{"line":26,"column":1}},"locations":[{"start":{"line":23,"column":7},"end":{"line":26,"column":1}}]},"2":{"type":"branch","line":28,"loc":{"start":{"line":28,"column":7},"end":{"line":31,"column":1}},"locations":[{"start":{"line":28,"column":7},"end":{"line":31,"column":1}}]},"3":{"type":"branch","line":33,"loc":{"start":{"line":33,"column":7},"end":{"line":35,"column":1}},"locations":[{"start":{"line":33,"column":7},"end":{"line":35,"column":1}}]},"4":{"type":"branch","line":37,"loc":{"start":{"line":37,"column":7},"end":{"line":40,"column":1}},"locations":[{"start":{"line":37,"column":7},"end":{"line":40,"column":1}}]},"5":{"type":"branch","line":42,"loc":{"start":{"line":42,"column":7},"end":{"line":45,"column":1}},"locations":[{"start":{"line":42,"column":7},"end":{"line":45,"column":1}}]},"6":{"type":"branch","line":51,"loc":{"start":{"line":51,"column":7},"end":{"line":53,"column":1}},"locations":[{"start":{"line":51,"column":7},"end":{"line":53,"column":1}}]},"7":{"type":"branch","line":55,"loc":{"start":{"line":55,"column":7},"end":{"line":57,"column":1}},"locations":[{"start":{"line":55,"column":7},"end":{"line":57,"column":1}}]},"8":{"type":"branch","line":59,"loc":{"start":{"line":59,"column":7},"end":{"line":61,"column":1}},"locations":[{"start":{"line":59,"column":7},"end":{"line":61,"column":1}}]},"9":{"type":"branch","line":67,"loc":{"start":{"line":67,"column":7},"end":{"line":70,"column":1}},"locations":[{"start":{"line":67,"column":7},"end":{"line":70,"column":1}}]},"10":{"type":"branch","line":72,"loc":{"start":{"line":72,"column":7},"end":{"line":78,"column":1}},"locations":[{"start":{"line":72,"column":7},"end":{"line":78,"column":1}}]},"11":{"type":"branch","line":80,"loc":{"start":{"line":80,"column":7},"end":{"line":83,"column":1}},"locations":[{"start":{"line":80,"column":7},"end":{"line":83,"column":1}}]}},"b":{"0":[1],"1":[2],"2":[1],"3":[1],"4":[1],"5":[1],"6":[1],"7":[2],"8":[2],"9":[1],"10":[1],"11":[1]},"fnMap":{"0":{"name":"emitHealthCheckCompleted","decl":{"start":{"line":15,"column":7},"end":{"line":21,"column":1}},"loc":{"start":{"line":15,"column":7},"end":{"line":21,"column":1}},"line":15},"1":{"name":"emitCircuitTripped","decl":{"start":{"line":23,"column":7},"end":{"line":26,"column":1}},"loc":{"start":{"line":23,"column":7},"end":{"line":26,"column":1}},"line":23},"2":{"name":"emitCircuitRecovered","decl":{"start":{"line":28,"column":7},"end":{"line":31,"column":1}},"loc":{"start":{"line":28,"column":7},"end":{"line":31,"column":1}},"line":28},"3":{"name":"emitRecoveryAttempted","decl":{"start":{"line":33,"column":7},"end":{"line":35,"column":1}},"loc":{"start":{"line":33,"column":7},"end":{"line":35,"column":1}},"line":33},"4":{"name":"emitServiceDegraded","decl":{"start":{"line":37,"column":7},"end":{"line":40,"column":1}},"loc":{"start":{"line":37,"column":7},"end":{"line":40,"column":1}},"line":37},"5":{"name":"emitServiceRestored","decl":{"start":{"line":42,"column":7},"end":{"line":45,"column":1}},"loc":{"start":{"line":42,"column":7},"end":{"line":45,"column":1}},"line":42},"6":{"name":"emitPatternStored","decl":{"start":{"line":51,"column":7},"end":{"line":53,"column":1}},"loc":{"start":{"line":51,"column":7},"end":{"line":53,"column":1}},"line":51},"7":{"name":"emitPatternApplied","decl":{"start":{"line":55,"column":7},"end":{"line":57,"column":1}},"loc":{"start":{"line":55,"column":7},"end":{"line":57,"column":1}},"line":55},"8":{"name":"emitFeedbackReceived","decl":{"start":{"line":59,"column":7},"end":{"line":61,"column":1}},"loc":{"start":{"line":59,"column":7},"end":{"line":61,"column":1}},"line":59},"9":{"name":"emitRegressionDetected","decl":{"start":{"line":67,"column":7},"end":{"line":70,"column":1}},"loc":{"start":{"line":67,"column":7},"end":{"line":70,"column":1}},"line":67},"10":{"name":"emitSuggestionCreated","decl":{"start":{"line":72,"column":7},"end":{"line":78,"column":1}},"loc":{"start":{"line":72,"column":7},"end":{"line":78,"column":1}},"line":72},"11":{"name":"emitCostSpike","decl":{"start":{"line":80,"column":7},"end":{"line":83,"column":1}},"loc":{"start":{"line":80,"column":7},"end":{"line":83,"column":1}},"line":80}},"f":{"0":1,"1":2,"2":1,"3":1,"4":1,"5":1,"6":1,"7":2,"8":2,"9":1,"10":1,"11":1}}
,"/Users/Tony1/Documents/Ultron/src/lib/browser-security.ts": {"path":"/Users/Tony1/Documents/Ultron/src/lib/browser-security.ts","all":false,"statementMap":{"0":{"start":{"line":1,"column":0},"end":{"line":1,"column":54}},"1":{"start":{"line":2,"column":0},"end":{"line":2,"column":38}},"2":{"start":{"line":3,"column":0},"end":{"line":3,"column":1}},"4":{"start":{"line":5,"column":0},"end":{"line":5,"column":65}},"5":{"start":{"line":6,"column":0},"end":{"line":6,"column":48}},"6":{"start":{"line":7,"column":0},"end":{"line":7,"column":10}},"7":{"start":{"line":8,"column":0},"end":{"line":8,"column":33}},"8":{"start":{"line":9,"column":0},"end":{"line":9,"column":33}},"9":{"start":{"line":10,"column":0},"end":{"line":10,"column":27}},"10":{"start":{"line":11,"column":0},"end":{"line":11,"column":33}},"12":{"start":{"line":13,"column":0},"end":{"line":13,"column":1}},"14":{"start":{"line":15,"column":0},"end":{"line":15,"column":55}},"18":{"start":{"line":19,"column":0},"end":{"line":19,"column":13}},"19":{"start":{"line":20,"column":0},"end":{"line":20,"column":37}},"20":{"start":{"line":21,"column":0},"end":{"line":21,"column":76}},"21":{"start":{"line":22,"column":0},"end":{"line":22,"column":1}}},"s":{"0":5,"1":5,"2":5,"4":1,"5":5,"6":5,"7":5,"8":3,"9":2,"10":2,"12":5,"14":1,"18":3,"19":3,"20":2,"21":3},"branchMap":{"0":{"type":"branch","line":1,"loc":{"start":{"line":1,"column":0},"end":{"line":3,"column":1}},"locations":[{"start":{"line":1,"column":0},"end":{"line":3,"column":1}}]},"1":{"type":"branch","line":5,"loc":{"start":{"line":5,"column":7},"end":{"line":13,"column":1}},"locations":[{"start":{"line":5,"column":7},"end":{"line":13,"column":1}}]},"2":{"type":"branch","line":8,"loc":{"start":{"line":8,"column":19},"end":{"line":9,"column":33}},"locations":[{"start":{"line":8,"column":19},"end":{"line":9,"column":33}}]},"3":{"type":"branch","line":9,"loc":{"start":{"line":9,"column":19},"end":{"line":10,"column":27}},"locations":[{"start":{"line":9,"column":19},"end":{"line":10,"column":27}}]},"4":{"type":"branch","line":10,"loc":{"start":{"line":10,"column":19},"end":{"line":11,"column":33}},"locations":[{"start":{"line":10,"column":19},"end":{"line":11,"column":33}}]},"5":{"type":"branch","line":15,"loc":{"start":{"line":15,"column":7},"end":{"line":22,"column":1}},"locations":[{"start":{"line":15,"column":7},"end":{"line":22,"column":1}}]},"6":{"type":"branch","line":20,"loc":{"start":{"line":20,"column":25},"end":{"line":20,"column":37}},"locations":[{"start":{"line":20,"column":25},"end":{"line":20,"column":37}}]},"7":{"type":"branch","line":20,"loc":{"start":{"line":20,"column":32},"end":{"line":21,"column":76}},"locations":[{"start":{"line":20,"column":32},"end":{"line":21,"column":76}}]}},"b":{"0":[5],"1":[5],"2":[3],"3":[2],"4":[2],"5":[3],"6":[1],"7":[2]},"fnMap":{"0":{"name":"normalizeHostname","decl":{"start":{"line":1,"column":0},"end":{"line":3,"column":1}},"loc":{"start":{"line":1,"column":0},"end":{"line":3,"column":1}},"line":1},"1":{"name":"isLocalDashboardHost","decl":{"start":{"line":5,"column":7},"end":{"line":13,"column":1}},"loc":{"start":{"line":5,"column":7},"end":{"line":13,"column":1}},"line":5},"2":{"name":"shouldRedirectDashboardToHttps","decl":{"start":{"line":15,"column":7},"end":{"line":22,"column":1}},"loc":{"start":{"line":15,"column":7},"end":{"line":22,"column":1}},"line":15}},"f":{"0":5,"1":5,"2":3}}
,"/Users/Tony1/Documents/Ultron/src/lib/config-schema-utils.ts": {"path":"/Users/Tony1/Documents/Ultron/src/lib/config-schema-utils.ts","all":false,"statementMap":{"24":{"start":{"line":25,"column":0},"end":{"line":25,"column":80}},"25":{"start":{"line":26,"column":0},"end":{"line":26,"column":31}},"26":{"start":{"line":27,"column":0},"end":{"line":27,"column":35}},"27":{"start":{"line":28,"column":0},"end":{"line":28,"column":58}},"28":{"start":{"line":29,"column":0},"end":{"line":29,"column":40}},"29":{"start":{"line":30,"column":0},"end":{"line":30,"column":3}},"30":{"start":{"line":31,"column":0},"end":{"line":31,"column":37}},"31":{"start":{"line":32,"column":0},"end":{"line":32,"column":71}},"32":{"start":{"line":33,"column":0},"end":{"line":33,"column":18}},"33":{"start":{"line":34,"column":0},"end":{"line":34,"column":1}},"36":{"start":{"line":37,"column":0},"end":{"line":37,"column":65}},"37":{"start":{"line":38,"column":0},"end":{"line":38,"column":51}},"39":{"start":{"line":40,"column":0},"end":{"line":40,"column":50}},"40":{"start":{"line":41,"column":0},"end":{"line":41,"column":32}},"41":{"start":{"line":42,"column":0},"end":{"line":42,"column":36}},"42":{"start":{"line":43,"column":0},"end":{"line":43,"column":22}},"44":{"start":{"line":45,"column":0},"end":{"line":45,"column":30}},"45":{"start":{"line":46,"column":0},"end":{"line":46,"column":53}},"46":{"start":{"line":47,"column":0},"end":{"line":47,"column":36}},"47":{"start":{"line":48,"column":0},"end":{"line":48,"column":35}},"48":{"start":{"line":49,"column":0},"end":{"line":49,"column":52}},"49":{"start":{"line":50,"column":0},"end":{"line":50,"column":68}},"50":{"start":{"line":51,"column":0},"end":{"line":51,"column":7}},"51":{"start":{"line":52,"column":0},"end":{"line":52,"column":14}},"52":{"start":{"line":53,"column":0},"end":{"line":53,"column":5}},"53":{"start":{"line":54,"column":0},"end":{"line":54,"column":27}},"54":{"start":{"line":55,"column":0},"end":{"line":55,"column":60}},"55":{"start":{"line":56,"column":0},"end":{"line":56,"column":32}},"56":{"start":{"line":57,"column":0},"end":{"line":57,"column":14}},"57":{"start":{"line":58,"column":0},"end":{"line":58,"column":5}},"58":{"start":{"line":59,"column":0},"end":{"line":59,"column":67}},"59":{"start":{"line":60,"column":0},"end":{"line":60,"column":25}},"60":{"start":{"line":61,"column":0},"end":{"line":61,"column":3}},"62":{"start":{"line":63,"column":0},"end":{"line":63,"column":54}},"63":{"start":{"line":64,"column":0},"end":{"line":64,"column":86}},"64":{"start":{"line":65,"column":0},"end":{"line":65,"column":3}},"65":{"start":{"line":66,"column":0},"end":{"line":66,"column":31}},"66":{"start":{"line":67,"column":0},"end":{"line":67,"column":130}},"67":{"start":{"line":68,"column":0},"end":{"line":68,"column":3}},"68":{"start":{"line":69,"column":0},"end":{"line":69,"column":15}},"69":{"start":{"line":70,"column":0},"end":{"line":70,"column":1}},"72":{"start":{"line":73,"column":0},"end":{"line":73,"column":56}},"73":{"start":{"line":74,"column":0},"end":{"line":74,"column":36}},"74":{"start":{"line":75,"column":0},"end":{"line":75,"column":50}},"75":{"start":{"line":76,"column":0},"end":{"line":76,"column":48}},"76":{"start":{"line":77,"column":0},"end":{"line":77,"column":48}},"77":{"start":{"line":78,"column":0},"end":{"line":78,"column":42}},"78":{"start":{"line":79,"column":0},"end":{"line":79,"column":48}},"79":{"start":{"line":80,"column":0},"end":{"line":80,"column":17}},"80":{"start":{"line":81,"column":0},"end":{"line":81,"column":1}},"83":{"start":{"line":84,"column":0},"end":{"line":84,"column":65}},"84":{"start":{"line":85,"column":0},"end":{"line":85,"column":32}},"85":{"start":{"line":86,"column":0},"end":{"line":86,"column":32}},"86":{"start":{"line":87,"column":0},"end":{"line":87,"column":52}},"87":{"start":{"line":88,"column":0},"end":{"line":88,"column":58}},"88":{"start":{"line":89,"column":0},"end":{"line":89,"column":5}},"89":{"start":{"line":90,"column":0},"end":{"line":90,"column":23}},"90":{"start":{"line":91,"column":0},"end":{"line":91,"column":66}},"91":{"start":{"line":92,"column":0},"end":{"line":92,"column":5}},"92":{"start":{"line":93,"column":0},"end":{"line":93,"column":57}},"93":{"start":{"line":94,"column":0},"end":{"line":94,"column":3}},"94":{"start":{"line":95,"column":0},"end":{"line":95,"column":14}},"95":{"start":{"line":96,"column":0},"end":{"line":96,"column":18}},"96":{"start":{"line":97,"column":0},"end":{"line":97,"column":1}}},"s":{"24":1,"25":17,"26":17,"27":1,"28":1,"29":1,"30":17,"31":17,"32":0,"33":0,"36":1,"37":12,"39":12,"40":12,"41":12,"42":12,"44":12,"45":10,"46":10,"47":1,"48":3,"49":2,"50":3,"51":1,"52":1,"53":10,"54":3,"55":3,"56":3,"57":3,"58":10,"59":4,"60":4,"62":12,"63":2,"64":2,"65":12,"66":2,"67":2,"68":1,"69":1,"72":1,"73":7,"74":7,"75":7,"76":7,"77":7,"78":1,"79":0,"80":0,"83":1,"84":7,"85":7,"86":10,"87":10,"88":10,"89":10,"90":2,"91":2,"92":10,"93":10,"94":7,"95":7,"96":7},"branchMap":{"0":{"type":"branch","line":25,"loc":{"start":{"line":25,"column":7},"end":{"line":34,"column":1}},"locations":[{"start":{"line":25,"column":7},"end":{"line":34,"column":1}}]},"1":{"type":"branch","line":26,"loc":{"start":{"line":26,"column":15},"end":{"line":26,"column":31}},"locations":[{"start":{"line":26,"column":15},"end":{"line":26,"column":31}}]},"2":{"type":"branch","line":26,"loc":{"start":{"line":26,"column":22},"end":{"line":27,"column":34}},"locations":[{"start":{"line":26,"column":22},"end":{"line":27,"column":34}}]},"3":{"type":"branch","line":27,"loc":{"start":{"line":27,"column":34},"end":{"line":30,"column":3}},"locations":[{"start":{"line":27,"column":34},"end":{"line":30,"column":3}}]},"4":{"type":"branch","line":29,"loc":{"start":{"line":29,"column":21},"end":{"line":29,"column":40}},"locations":[{"start":{"line":29,"column":21},"end":{"line":29,"column":40}}]},"5":{"type":"branch","line":30,"loc":{"start":{"line":30,"column":2},"end":{"line":31,"column":26}},"locations":[{"start":{"line":30,"column":2},"end":{"line":31,"column":26}}]},"6":{"type":"branch","line":31,"loc":{"start":{"line":31,"column":19},"end":{"line":31,"column":37}},"locations":[{"start":{"line":31,"column":19},"end":{"line":31,"column":37}}]},"7":{"type":"branch","line":31,"loc":{"start":{"line":31,"column":33},"end":{"line":32,"column":27}},"locations":[{"start":{"line":31,"column":33},"end":{"line":32,"column":27}}]},"8":{"type":"branch","line":32,"loc":{"start":{"line":32,"column":13},"end":{"line":32,"column":56}},"locations":[{"start":{"line":32,"column":13},"end":{"line":32,"column":56}}]},"9":{"type":"branch","line":32,"loc":{"start":{"line":32,"column":56},"end":{"line":32,"column":71}},"locations":[{"start":{"line":32,"column":56},"end":{"line":32,"column":71}}]},"10":{"type":"branch","line":32,"loc":{"start":{"line":32,"column":63},"end":{"line":34,"column":1}},"locations":[{"start":{"line":32,"column":63},"end":{"line":34,"column":1}}]},"11":{"type":"branch","line":28,"loc":{"start":{"line":28,"column":40},"end":{"line":28,"column":57}},"locations":[{"start":{"line":28,"column":40},"end":{"line":28,"column":57}}]},"12":{"type":"branch","line":37,"loc":{"start":{"line":37,"column":7},"end":{"line":70,"column":1}},"locations":[{"start":{"line":37,"column":7},"end":{"line":70,"column":1}}]},"13":{"type":"branch","line":38,"loc":{"start":{"line":38,"column":14},"end":{"line":38,"column":38}},"locations":[{"start":{"line":38,"column":14},"end":{"line":38,"column":38}}]},"14":{"type":"branch","line":38,"loc":{"start":{"line":38,"column":38},"end":{"line":38,"column":51}},"locations":[{"start":{"line":38,"column":38},"end":{"line":38,"column":51}}]},"15":{"type":"branch","line":38,"loc":{"start":{"line":38,"column":45},"end":{"line":40,"column":32}},"locations":[{"start":{"line":38,"column":45},"end":{"line":40,"column":32}}]},"16":{"type":"branch","line":40,"loc":{"start":{"line":40,"column":23},"end":{"line":40,"column":48}},"locations":[{"start":{"line":40,"column":23},"end":{"line":40,"column":48}}]},"17":{"type":"branch","line":40,"loc":{"start":{"line":40,"column":39},"end":{"line":40,"column":50}},"locations":[{"start":{"line":40,"column":39},"end":{"line":40,"column":50}}]},"18":{"type":"branch","line":45,"loc":{"start":{"line":45,"column":29},"end":{"line":61,"column":3}},"locations":[{"start":{"line":45,"column":29},"end":{"line":61,"column":3}}]},"19":{"type":"branch","line":46,"loc":{"start":{"line":46,"column":45},"end":{"line":46,"column":53}},"locations":[{"start":{"line":46,"column":45},"end":{"line":46,"column":53}}]},"20":{"type":"branch","line":47,"loc":{"start":{"line":47,"column":35},"end":{"line":53,"column":5}},"locations":[{"start":{"line":47,"column":35},"end":{"line":53,"column":5}}]},"21":{"type":"branch","line":48,"loc":{"start":{"line":48,"column":34},"end":{"line":51,"column":7}},"locations":[{"start":{"line":48,"column":34},"end":{"line":51,"column":7}}]},"22":{"type":"branch","line":49,"loc":{"start":{"line":49,"column":23},"end":{"line":49,"column":52}},"locations":[{"start":{"line":49,"column":23},"end":{"line":49,"column":52}}]},"23":{"type":"branch","line":49,"loc":{"start":{"line":49,"column":51},"end":{"line":50,"column":68}},"locations":[{"start":{"line":49,"column":51},"end":{"line":50,"column":68}}]},"24":{"type":"branch","line":53,"loc":{"start":{"line":53,"column":4},"end":{"line":54,"column":26}},"locations":[{"start":{"line":53,"column":4},"end":{"line":54,"column":26}}]},"25":{"type":"branch","line":54,"loc":{"start":{"line":54,"column":26},"end":{"line":58,"column":5}},"locations":[{"start":{"line":54,"column":26},"end":{"line":58,"column":5}}]},"26":{"type":"branch","line":55,"loc":{"start":{"line":55,"column":31},"end":{"line":55,"column":60}},"locations":[{"start":{"line":55,"column":31},"end":{"line":55,"column":60}}]},"27":{"type":"branch","line":58,"loc":{"start":{"line":58,"column":4},"end":{"line":59,"column":38}},"locations":[{"start":{"line":58,"column":4},"end":{"line":59,"column":38}}]},"28":{"type":"branch","line":59,"loc":{"start":{"line":59,"column":38},"end":{"line":59,"column":67}},"locations":[{"start":{"line":59,"column":38},"end":{"line":59,"column":67}}]},"29":{"type":"branch","line":59,"loc":{"start":{"line":59,"column":66},"end":{"line":61,"column":3}},"locations":[{"start":{"line":59,"column":66},"end":{"line":61,"column":3}}]},"30":{"type":"branch","line":61,"loc":{"start":{"line":61,"column":2},"end":{"line":63,"column":29}},"locations":[{"start":{"line":61,"column":2},"end":{"line":63,"column":29}}]},"31":{"type":"branch","line":63,"loc":{"start":{"line":63,"column":24},"end":{"line":63,"column":53}},"locations":[{"start":{"line":63,"column":24},"end":{"line":63,"column":53}}]},"32":{"type":"branch","line":63,"loc":{"start":{"line":63,"column":53},"end":{"line":65,"column":3}},"locations":[{"start":{"line":63,"column":53},"end":{"line":65,"column":3}}]},"33":{"type":"branch","line":65,"loc":{"start":{"line":65,"column":2},"end":{"line":66,"column":30}},"locations":[{"start":{"line":65,"column":2},"end":{"line":66,"column":30}}]},"34":{"type":"branch","line":66,"loc":{"start":{"line":66,"column":30},"end":{"line":68,"column":3}},"locations":[{"start":{"line":66,"column":30},"end":{"line":68,"column":3}}]},"35":{"type":"branch","line":68,"loc":{"start":{"line":68,"column":2},"end":{"line":70,"column":1}},"locations":[{"start":{"line":68,"column":2},"end":{"line":70,"column":1}}]},"36":{"type":"branch","line":50,"loc":{"start":{"line":50,"column":27},"end":{"line":50,"column":49}},"locations":[{"start":{"line":50,"column":27},"end":{"line":50,"column":49}}]},"37":{"type":"branch","line":73,"loc":{"start":{"line":73,"column":7},"end":{"line":81,"column":1}},"locations":[{"start":{"line":73,"column":7},"end":{"line":81,"column":1}}]},"38":{"type":"branch","line":74,"loc":{"start":{"line":74,"column":21},"end":{"line":74,"column":36}},"locations":[{"start":{"line":74,"column":21},"end":{"line":74,"column":36}}]},"39":{"type":"branch","line":74,"loc":{"start":{"line":74,"column":28},"end":{"line":75,"column":41}},"locations":[{"start":{"line":74,"column":28},"end":{"line":75,"column":41}}]},"40":{"type":"branch","line":75,"loc":{"start":{"line":75,"column":34},"end":{"line":75,"column":50}},"locations":[{"start":{"line":75,"column":34},"end":{"line":75,"column":50}}]},"41":{"type":"branch","line":75,"loc":{"start":{"line":75,"column":41},"end":{"line":76,"column":40}},"locations":[{"start":{"line":75,"column":41},"end":{"line":76,"column":40}}]},"42":{"type":"branch","line":76,"loc":{"start":{"line":76,"column":33},"end":{"line":76,"column":48}},"locations":[{"start":{"line":76,"column":33},"end":{"line":76,"column":48}}]},"43":{"type":"branch","line":76,"loc":{"start":{"line":76,"column":40},"end":{"line":77,"column":40}},"locations":[{"start":{"line":76,"column":40},"end":{"line":77,"column":40}}]},"44":{"type":"branch","line":77,"loc":{"start":{"line":77,"column":33},"end":{"line":77,"column":48}},"locations":[{"start":{"line":77,"column":33},"end":{"line":77,"column":48}}]},"45":{"type":"branch","line":77,"loc":{"start":{"line":77,"column":40},"end":{"line":78,"column":35}},"locations":[{"start":{"line":77,"column":40},"end":{"line":78,"column":35}}]},"46":{"type":"branch","line":78,"loc":{"start":{"line":78,"column":28},"end":{"line":79,"column":48}},"locations":[{"start":{"line":78,"column":28},"end":{"line":79,"column":48}}]},"47":{"type":"branch","line":79,"loc":{"start":{"line":79,"column":40},"end":{"line":81,"column":1}},"locations":[{"start":{"line":79,"column":40},"end":{"line":81,"column":1}}]},"48":{"type":"branch","line":84,"loc":{"start":{"line":84,"column":7},"end":{"line":97,"column":1}},"locations":[{"start":{"line":84,"column":7},"end":{"line":97,"column":1}}]},"49":{"type":"branch","line":86,"loc":{"start":{"line":86,"column":2},"end":{"line":94,"column":3}},"locations":[{"start":{"line":86,"column":2},"end":{"line":94,"column":3}}]},"50":{"type":"branch","line":87,"loc":{"start":{"line":87,"column":31},"end":{"line":87,"column":46}},"locations":[{"start":{"line":87,"column":31},"end":{"line":87,"column":46}}]},"51":{"type":"branch","line":87,"loc":{"start":{"line":87,"column":38},"end":{"line":87,"column":51}},"locations":[{"start":{"line":87,"column":38},"end":{"line":87,"column":51}}]},"52":{"type":"branch","line":90,"loc":{"start":{"line":90,"column":22},"end":{"line":92,"column":5}},"locations":[{"start":{"line":90,"column":22},"end":{"line":92,"column":5}}]},"53":{"type":"branch","line":93,"loc":{"start":{"line":93,"column":10},"end":{"line":93,"column":44}},"locations":[{"start":{"line":93,"column":10},"end":{"line":93,"column":44}}]},"54":{"type":"branch","line":93,"loc":{"start":{"line":93,"column":44},"end":{"line":93,"column":57}},"locations":[{"start":{"line":93,"column":44},"end":{"line":93,"column":57}}]}},"b":{"0":[17],"1":[1],"2":[16],"3":[1],"4":[0],"5":[15],"6":[13],"7":[2],"8":[1],"9":[2],"10":[0],"11":[2],"12":[12],"13":[8],"14":[7],"15":[5],"16":[1],"17":[0],"18":[10],"19":[0],"20":[1],"21":[3],"22":[1],"23":[2],"24":[9],"25":[3],"26":[0],"27":[6],"28":[2],"29":[4],"30":[5],"31":[2],"32":[2],"33":[3],"34":[2],"35":[1],"36":[1],"37":[7],"38":[2],"39":[5],"40":[1],"41":[4],"42":[1],"43":[3],"44":[1],"45":[2],"46":[1],"47":[0],"48":[7],"49":[10],"50":[3],"51":[2],"52":[2],"53":[1],"54":[1]},"fnMap":{"0":{"name":"schemaType","decl":{"start":{"line":25,"column":7},"end":{"line":34,"column":1}},"loc":{"start":{"line":25,"column":7},"end":{"line":34,"column":1}},"line":25},"1":{"name":"normalizeSchema","decl":{"start":{"line":37,"column":7},"end":{"line":70,"column":1}},"loc":{"start":{"line":37,"column":7},"end":{"line":70,"column":1}},"line":37},"2":{"name":"inferFieldType","decl":{"start":{"line":73,"column":7},"end":{"line":81,"column":1}},"loc":{"start":{"line":73,"column":7},"end":{"line":81,"column":1}},"line":73},"3":{"name":"extractSchemaTags","decl":{"start":{"line":84,"column":7},"end":{"line":97,"column":1}},"loc":{"start":{"line":84,"column":7},"end":{"line":97,"column":1}},"line":84},"4":{"name":"walk","decl":{"start":{"line":86,"column":2},"end":{"line":94,"column":3}},"loc":{"start":{"line":86,"column":2},"end":{"line":94,"column":3}},"line":86}},"f":{"0":17,"1":12,"2":7,"3":7,"4":10}}
,"/Users/Tony1/Documents/Ultron/src/lib/config.ts": {"path":"/Users/Tony1/Documents/Ultron/src/lib/config.ts","all":false,"statementMap":{"0":{"start":{"line":1,"column":0},"end":{"line":1,"column":24}},"5":{"start":{"line":6,"column":0},"end":{"line":6,"column":86}},"6":{"start":{"line":7,"column":0},"end":{"line":7,"column":35}},"7":{"start":{"line":8,"column":0},"end":{"line":8,"column":56}},"8":{"start":{"line":9,"column":0},"end":{"line":9,"column":1}},"10":{"start":{"line":11,"column":0},"end":{"line":11,"column":72}},"11":{"start":{"line":12,"column":0},"end":{"line":12,"column":56}},"12":{"start":{"line":13,"column":0},"end":{"line":13,"column":80}},"13":{"start":{"line":14,"column":0},"end":{"line":14,"column":24}},"14":{"start":{"line":15,"column":0},"end":{"line":15,"column":47}},"15":{"start":{"line":16,"column":0},"end":{"line":16,"column":49}},"16":{"start":{"line":17,"column":0},"end":{"line":17,"column":36}},"17":{"start":{"line":18,"column":0},"end":{"line":18,"column":56}},"18":{"start":{"line":19,"column":0},"end":{"line":19,"column":21}},"19":{"start":{"line":20,"column":0},"end":{"line":20,"column":35}},"20":{"start":{"line":21,"column":0},"end":{"line":21,"column":49}},"21":{"start":{"line":22,"column":0},"end":{"line":22,"column":55}},"22":{"start":{"line":23,"column":0},"end":{"line":23,"column":43}},"23":{"start":{"line":24,"column":0},"end":{"line":24,"column":55}},"24":{"start":{"line":25,"column":0},"end":{"line":25,"column":39}},"25":{"start":{"line":26,"column":0},"end":{"line":26,"column":53}},"26":{"start":{"line":27,"column":0},"end":{"line":27,"column":64}},"27":{"start":{"line":28,"column":0},"end":{"line":28,"column":47}},"28":{"start":{"line":29,"column":0},"end":{"line":29,"column":64}},"29":{"start":{"line":30,"column":0},"end":{"line":30,"column":68}},"30":{"start":{"line":31,"column":0},"end":{"line":31,"column":34}},"31":{"start":{"line":32,"column":0},"end":{"line":32,"column":37}},"32":{"start":{"line":33,"column":0},"end":{"line":33,"column":53}},"33":{"start":{"line":34,"column":0},"end":{"line":34,"column":4}},"34":{"start":{"line":35,"column":0},"end":{"line":35,"column":26}},"35":{"start":{"line":36,"column":0},"end":{"line":36,"column":30}},"36":{"start":{"line":37,"column":0},"end":{"line":37,"column":30}},"37":{"start":{"line":38,"column":0},"end":{"line":38,"column":46}},"38":{"start":{"line":39,"column":0},"end":{"line":39,"column":4}},"39":{"start":{"line":40,"column":0},"end":{"line":40,"column":24}},"40":{"start":{"line":41,"column":0},"end":{"line":41,"column":35}},"41":{"start":{"line":42,"column":0},"end":{"line":42,"column":35}},"42":{"start":{"line":43,"column":0},"end":{"line":43,"column":23}},"43":{"start":{"line":44,"column":0},"end":{"line":44,"column":99}},"44":{"start":{"line":45,"column":0},"end":{"line":45,"column":26}},"45":{"start":{"line":46,"column":0},"end":{"line":46,"column":31}},"46":{"start":{"line":47,"column":0},"end":{"line":47,"column":46}},"47":{"start":{"line":48,"column":0},"end":{"line":48,"column":28}},"48":{"start":{"line":49,"column":0},"end":{"line":49,"column":39}},"49":{"start":{"line":50,"column":0},"end":{"line":50,"column":46}},"50":{"start":{"line":51,"column":0},"end":{"line":51,"column":68}},"51":{"start":{"line":52,"column":0},"end":{"line":52,"column":33}},"52":{"start":{"line":53,"column":0},"end":{"line":53,"column":77}},"55":{"start":{"line":56,"column":0},"end":{"line":56,"column":6}},"56":{"start":{"line":57,"column":0},"end":{"line":57,"column":27}},"57":{"start":{"line":58,"column":0},"end":{"line":58,"column":64}},"58":{"start":{"line":59,"column":0},"end":{"line":59,"column":71}},"59":{"start":{"line":60,"column":0},"end":{"line":60,"column":5}},"60":{"start":{"line":61,"column":0},"end":{"line":61,"column":31}},"61":{"start":{"line":62,"column":0},"end":{"line":62,"column":3}},"62":{"start":{"line":63,"column":0},"end":{"line":63,"column":111}},"63":{"start":{"line":64,"column":0},"end":{"line":64,"column":4}},"65":{"start":{"line":66,"column":0},"end":{"line":66,"column":28}},"66":{"start":{"line":67,"column":0},"end":{"line":67,"column":69}},"68":{"start":{"line":69,"column":0},"end":{"line":69,"column":23}},"69":{"start":{"line":70,"column":0},"end":{"line":70,"column":13}},"70":{"start":{"line":71,"column":0},"end":{"line":71,"column":33}},"71":{"start":{"line":72,"column":0},"end":{"line":72,"column":39}},"72":{"start":{"line":73,"column":0},"end":{"line":73,"column":27}},"73":{"start":{"line":74,"column":0},"end":{"line":74,"column":25}},"74":{"start":{"line":75,"column":0},"end":{"line":75,"column":33}},"76":{"start":{"line":77,"column":0},"end":{"line":77,"column":33}},"77":{"start":{"line":78,"column":0},"end":{"line":78,"column":19}},"78":{"start":{"line":79,"column":0},"end":{"line":79,"column":21}},"79":{"start":{"line":80,"column":0},"end":{"line":80,"column":54}},"80":{"start":{"line":81,"column":0},"end":{"line":81,"column":54}},"81":{"start":{"line":82,"column":0},"end":{"line":82,"column":64}},"82":{"start":{"line":83,"column":0},"end":{"line":83,"column":95}},"83":{"start":{"line":84,"column":0},"end":{"line":84,"column":10}},"84":{"start":{"line":85,"column":0},"end":{"line":85,"column":35}},"85":{"start":{"line":86,"column":0},"end":{"line":86,"column":66}},"86":{"start":{"line":87,"column":0},"end":{"line":87,"column":54}},"87":{"start":{"line":88,"column":0},"end":{"line":88,"column":30}},"88":{"start":{"line":89,"column":0},"end":{"line":89,"column":24}},"89":{"start":{"line":90,"column":0},"end":{"line":90,"column":45}},"90":{"start":{"line":91,"column":0},"end":{"line":91,"column":38}},"91":{"start":{"line":92,"column":0},"end":{"line":92,"column":11}},"92":{"start":{"line":93,"column":0},"end":{"line":93,"column":19}},"93":{"start":{"line":94,"column":0},"end":{"line":94,"column":46}},"94":{"start":{"line":95,"column":0},"end":{"line":95,"column":80}},"95":{"start":{"line":96,"column":0},"end":{"line":96,"column":24}},"96":{"start":{"line":97,"column":0},"end":{"line":97,"column":9}},"97":{"start":{"line":98,"column":0},"end":{"line":98,"column":49}},"98":{"start":{"line":99,"column":0},"end":{"line":99,"column":35}},"99":{"start":{"line":100,"column":0},"end":{"line":100,"column":53}},"100":{"start":{"line":101,"column":0},"end":{"line":101,"column":49}},"101":{"start":{"line":102,"column":0},"end":{"line":102,"column":4}},"103":{"start":{"line":104,"column":0},"end":{"line":104,"column":14}},"104":{"start":{"line":105,"column":0},"end":{"line":105,"column":93}},"105":{"start":{"line":106,"column":0},"end":{"line":106,"column":88}},"106":{"start":{"line":107,"column":0},"end":{"line":107,"column":81}},"107":{"start":{"line":108,"column":0},"end":{"line":108,"column":99}},"108":{"start":{"line":109,"column":0},"end":{"line":109,"column":98}},"109":{"start":{"line":110,"column":0},"end":{"line":110,"column":94}},"110":{"start":{"line":111,"column":0},"end":{"line":111,"column":104}},"111":{"start":{"line":112,"column":0},"end":{"line":112,"column":4}},"112":{"start":{"line":113,"column":0},"end":{"line":113,"column":1}},"114":{"start":{"line":115,"column":0},"end":{"line":115,"column":50}},"115":{"start":{"line":116,"column":0},"end":{"line":116,"column":22}},"116":{"start":{"line":117,"column":0},"end":{"line":117,"column":32}},"117":{"start":{"line":118,"column":0},"end":{"line":118,"column":46}},"118":{"start":{"line":119,"column":0},"end":{"line":119,"column":3}},"119":{"start":{"line":120,"column":0},"end":{"line":120,"column":1}}},"s":{"0":1,"5":112,"6":112,"7":112,"8":112,"10":1,"11":1,"12":1,"13":1,"14":1,"15":13,"16":1,"17":2,"18":12,"19":1,"20":2,"21":1,"22":12,"23":11,"24":1,"25":2,"26":1,"27":12,"28":11,"29":1,"30":1,"31":1,"32":11,"33":11,"34":1,"35":1,"36":1,"37":1,"38":1,"39":1,"40":1,"41":11,"42":11,"43":11,"44":1,"45":1,"46":11,"47":1,"48":1,"49":1,"50":1,"51":1,"52":14,"55":14,"56":14,"57":14,"58":3,"59":14,"60":11,"61":11,"62":14,"63":1,"65":1,"66":1,"68":1,"69":1,"70":1,"71":1,"72":1,"73":1,"74":1,"76":1,"77":1,"78":1,"79":1,"80":1,"81":1,"82":1,"83":1,"84":1,"85":1,"86":1,"87":1,"88":1,"89":1,"90":11,"91":3,"92":1,"93":1,"94":1,"95":1,"96":1,"97":1,"98":1,"99":1,"100":1,"101":1,"103":1,"104":1,"105":1,"106":1,"107":1,"108":1,"109":1,"110":1,"111":1,"112":1,"114":1,"115":1,"116":1,"117":0,"118":0,"119":1},"branchMap":{"0":{"type":"branch","line":13,"loc":{"start":{"line":13,"column":38},"end":{"line":13,"column":80}},"locations":[{"start":{"line":13,"column":38},"end":{"line":13,"column":80}}]},"1":{"type":"branch","line":15,"loc":{"start":{"line":15,"column":14},"end":{"line":16,"column":49}},"locations":[{"start":{"line":15,"column":14},"end":{"line":16,"column":49}}]},"2":{"type":"branch","line":17,"loc":{"start":{"line":17,"column":24},"end":{"line":18,"column":56}},"locations":[{"start":{"line":17,"column":24},"end":{"line":18,"column":56}}]},"3":{"type":"branch","line":18,"loc":{"start":{"line":18,"column":55},"end":{"line":19,"column":21}},"locations":[{"start":{"line":18,"column":55},"end":{"line":19,"column":21}}]},"4":{"type":"branch","line":20,"loc":{"start":{"line":20,"column":23},"end":{"line":22,"column":55}},"locations":[{"start":{"line":20,"column":23},"end":{"line":22,"column":55}}]},"5":{"type":"branch","line":21,"loc":{"start":{"line":21,"column":17},"end":{"line":22,"column":55}},"locations":[{"start":{"line":21,"column":17},"end":{"line":22,"column":55}}]},"6":{"type":"branch","line":22,"loc":{"start":{"line":22,"column":53},"end":{"line":24,"column":55}},"locations":[{"start":{"line":22,"column":53},"end":{"line":24,"column":55}}]},"7":{"type":"branch","line":23,"loc":{"start":{"line":23,"column":17},"end":{"line":24,"column":55}},"locations":[{"start":{"line":23,"column":17},"end":{"line":24,"column":55}}]},"8":{"type":"branch","line":25,"loc":{"start":{"line":25,"column":27},"end":{"line":27,"column":64}},"locations":[{"start":{"line":25,"column":27},"end":{"line":27,"column":64}}]},"9":{"type":"branch","line":26,"loc":{"start":{"line":26,"column":17},"end":{"line":27,"column":64}},"locations":[{"start":{"line":26,"column":17},"end":{"line":27,"column":64}}]},"10":{"type":"branch","line":27,"loc":{"start":{"line":27,"column":62},"end":{"line":29,"column":64}},"locations":[{"start":{"line":27,"column":62},"end":{"line":29,"column":64}}]},"11":{"type":"branch","line":28,"loc":{"start":{"line":28,"column":17},"end":{"line":29,"column":64}},"locations":[{"start":{"line":28,"column":17},"end":{"line":29,"column":64}}]},"12":{"type":"branch","line":32,"loc":{"start":{"line":32,"column":14},"end":{"line":33,"column":53}},"locations":[{"start":{"line":32,"column":14},"end":{"line":33,"column":53}}]},"13":{"type":"branch","line":33,"loc":{"start":{"line":33,"column":14},"end":{"line":34,"column":4}},"locations":[{"start":{"line":33,"column":14},"end":{"line":34,"column":4}}]},"14":{"type":"branch","line":41,"loc":{"start":{"line":41,"column":14},"end":{"line":42,"column":35}},"locations":[{"start":{"line":41,"column":14},"end":{"line":42,"column":35}}]},"15":{"type":"branch","line":42,"loc":{"start":{"line":42,"column":14},"end":{"line":43,"column":23}},"locations":[{"start":{"line":42,"column":14},"end":{"line":43,"column":23}}]},"16":{"type":"branch","line":43,"loc":{"start":{"line":43,"column":2},"end":{"line":44,"column":99}},"locations":[{"start":{"line":43,"column":2},"end":{"line":44,"column":99}}]},"17":{"type":"branch","line":44,"loc":{"start":{"line":44,"column":3},"end":{"line":44,"column":75}},"locations":[{"start":{"line":44,"column":3},"end":{"line":44,"column":75}}]},"18":{"type":"branch","line":46,"loc":{"start":{"line":46,"column":2},"end":{"line":47,"column":46}},"locations":[{"start":{"line":46,"column":2},"end":{"line":47,"column":46}}]},"19":{"type":"branch","line":51,"loc":{"start":{"line":51,"column":61},"end":{"line":51,"column":68}},"locations":[{"start":{"line":51,"column":61},"end":{"line":51,"column":68}}]},"20":{"type":"branch","line":86,"loc":{"start":{"line":86,"column":58},"end":{"line":86,"column":66}},"locations":[{"start":{"line":86,"column":58},"end":{"line":86,"column":66}}]},"21":{"type":"branch","line":90,"loc":{"start":{"line":90,"column":25},"end":{"line":91,"column":38}},"locations":[{"start":{"line":90,"column":25},"end":{"line":91,"column":38}}]},"22":{"type":"branch","line":91,"loc":{"start":{"line":91,"column":37},"end":{"line":92,"column":11}},"locations":[{"start":{"line":91,"column":37},"end":{"line":92,"column":11}}]},"23":{"type":"branch","line":95,"loc":{"start":{"line":95,"column":72},"end":{"line":95,"column":80}},"locations":[{"start":{"line":95,"column":72},"end":{"line":95,"column":80}}]},"24":{"type":"branch","line":6,"loc":{"start":{"line":6,"column":0},"end":{"line":9,"column":1}},"locations":[{"start":{"line":6,"column":0},"end":{"line":9,"column":1}}]},"25":{"type":"branch","line":7,"loc":{"start":{"line":7,"column":20},"end":{"line":7,"column":35}},"locations":[{"start":{"line":7,"column":20},"end":{"line":7,"column":35}}]},"26":{"type":"branch","line":52,"loc":{"start":{"line":52,"column":26},"end":{"line":64,"column":3}},"locations":[{"start":{"line":52,"column":26},"end":{"line":64,"column":3}}]},"27":{"type":"branch","line":53,"loc":{"start":{"line":53,"column":39},"end":{"line":53,"column":77}},"locations":[{"start":{"line":53,"column":39},"end":{"line":53,"column":77}}]},"28":{"type":"branch","line":58,"loc":{"start":{"line":58,"column":60},"end":{"line":59,"column":71}},"locations":[{"start":{"line":58,"column":60},"end":{"line":59,"column":71}}]},"29":{"type":"branch","line":60,"loc":{"start":{"line":60,"column":4},"end":{"line":62,"column":3}},"locations":[{"start":{"line":60,"column":4},"end":{"line":62,"column":3}}]},"30":{"type":"branch","line":62,"loc":{"start":{"line":62,"column":2},"end":{"line":63,"column":69}},"locations":[{"start":{"line":62,"column":2},"end":{"line":63,"column":69}}]},"31":{"type":"branch","line":63,"loc":{"start":{"line":63,"column":65},"end":{"line":63,"column":76}},"locations":[{"start":{"line":63,"column":65},"end":{"line":63,"column":76}}]},"32":{"type":"branch","line":63,"loc":{"start":{"line":63,"column":69},"end":{"line":63,"column":111}},"locations":[{"start":{"line":63,"column":69},"end":{"line":63,"column":111}}]},"33":{"type":"branch","line":115,"loc":{"start":{"line":115,"column":7},"end":{"line":120,"column":1}},"locations":[{"start":{"line":115,"column":7},"end":{"line":120,"column":1}}]},"34":{"type":"branch","line":116,"loc":{"start":{"line":116,"column":16},"end":{"line":116,"column":22}},"locations":[{"start":{"line":116,"column":16},"end":{"line":116,"column":22}}]},"35":{"type":"branch","line":117,"loc":{"start":{"line":117,"column":31},"end":{"line":119,"column":3}},"locations":[{"start":{"line":117,"column":31},"end":{"line":119,"column":3}}]}},"b":{"0":[10],"1":[13],"2":[2],"3":[12],"4":[2],"5":[1],"6":[12],"7":[11],"8":[2],"9":[1],"10":[12],"11":[11],"12":[11],"13":[11],"14":[11],"15":[11],"16":[11],"17":[0],"18":[11],"19":[0],"20":[0],"21":[11],"22":[3],"23":[0],"24":[112],"25":[0],"26":[14],"27":[0],"28":[3],"29":[11],"30":[3],"31":[0],"32":[0],"33":[1],"34":[0],"35":[0]},"fnMap":{"0":{"name":"clampInt","decl":{"start":{"line":6,"column":0},"end":{"line":9,"column":1}},"loc":{"start":{"line":6,"column":0},"end":{"line":9,"column":1}},"line":6},"1":{"name":"ensureDirExists","decl":{"start":{"line":115,"column":7},"end":{"line":120,"column":1}},"loc":{"start":{"line":115,"column":7},"end":{"line":120,"column":1}},"line":115}},"f":{"0":112,"1":1}}
,"/Users/Tony1/Documents/Ultron/src/lib/coordinator-routing.ts": {"path":"/Users/Tony1/Documents/Ultron/src/lib/coordinator-routing.ts","all":false,"statementMap":{"15":{"start":{"line":16,"column":0},"end":{"line":16,"column":66}},"16":{"start":{"line":17,"column":0},"end":{"line":17,"column":49}},"17":{"start":{"line":18,"column":0},"end":{"line":18,"column":1}},"19":{"start":{"line":20,"column":0},"end":{"line":20,"column":72}},"20":{"start":{"line":21,"column":0},"end":{"line":21,"column":50}},"21":{"start":{"line":22,"column":0},"end":{"line":22,"column":1}},"23":{"start":{"line":24,"column":0},"end":{"line":24,"column":79}},"24":{"start":{"line":25,"column":0},"end":{"line":25,"column":21}},"25":{"start":{"line":26,"column":0},"end":{"line":26,"column":7}},"26":{"start":{"line":27,"column":0},"end":{"line":27,"column":34}},"27":{"start":{"line":28,"column":0},"end":{"line":28,"column":61}},"28":{"start":{"line":29,"column":0},"end":{"line":29,"column":11}},"29":{"start":{"line":30,"column":0},"end":{"line":30,"column":13}},"30":{"start":{"line":31,"column":0},"end":{"line":31,"column":3}},"31":{"start":{"line":32,"column":0},"end":{"line":32,"column":1}},"33":{"start":{"line":34,"column":0},"end":{"line":34,"column":76}},"34":{"start":{"line":35,"column":0},"end":{"line":35,"column":42}},"35":{"start":{"line":36,"column":0},"end":{"line":36,"column":74}},"36":{"start":{"line":37,"column":0},"end":{"line":37,"column":30}},"37":{"start":{"line":38,"column":0},"end":{"line":38,"column":10}},"38":{"start":{"line":39,"column":0},"end":{"line":39,"column":1}},"40":{"start":{"line":41,"column":0},"end":{"line":41,"column":69}},"41":{"start":{"line":42,"column":0},"end":{"line":42,"column":42}},"42":{"start":{"line":43,"column":0},"end":{"line":43,"column":34}},"43":{"start":{"line":44,"column":0},"end":{"line":44,"column":1}},"45":{"start":{"line":46,"column":0},"end":{"line":46,"column":29}},"46":{"start":{"line":47,"column":0},"end":{"line":47,"column":32}},"47":{"start":{"line":48,"column":0},"end":{"line":48,"column":29}},"48":{"start":{"line":49,"column":0},"end":{"line":49,"column":31}},"49":{"start":{"line":50,"column":0},"end":{"line":50,"column":40}},"50":{"start":{"line":51,"column":0},"end":{"line":51,"column":82}},"51":{"start":{"line":52,"column":0},"end":{"line":52,"column":37}},"52":{"start":{"line":53,"column":0},"end":{"line":53,"column":53}},"53":{"start":{"line":54,"column":0},"end":{"line":54,"column":63}},"54":{"start":{"line":55,"column":0},"end":{"line":55,"column":4}},"55":{"start":{"line":56,"column":0},"end":{"line":56,"column":1}},"57":{"start":{"line":58,"column":0},"end":{"line":58,"column":44}},"58":{"start":{"line":59,"column":0},"end":{"line":59,"column":26}},"59":{"start":{"line":60,"column":0},"end":{"line":60,"column":38}},"60":{"start":{"line":61,"column":0},"end":{"line":61,"column":29}},"61":{"start":{"line":62,"column":0},"end":{"line":62,"column":34}},"62":{"start":{"line":63,"column":0},"end":{"line":63,"column":47}},"63":{"start":{"line":64,"column":0},"end":{"line":64,"column":26}},"65":{"start":{"line":66,"column":0},"end":{"line":66,"column":36}},"66":{"start":{"line":67,"column":0},"end":{"line":67,"column":55}},"67":{"start":{"line":68,"column":0},"end":{"line":68,"column":97}},"68":{"start":{"line":69,"column":0},"end":{"line":69,"column":56}},"69":{"start":{"line":70,"column":0},"end":{"line":70,"column":84}},"70":{"start":{"line":71,"column":0},"end":{"line":71,"column":51}},"71":{"start":{"line":72,"column":0},"end":{"line":72,"column":12}},"72":{"start":{"line":73,"column":0},"end":{"line":73,"column":1}},"74":{"start":{"line":75,"column":0},"end":{"line":75,"column":58}},"82":{"start":{"line":83,"column":0},"end":{"line":83,"column":31}},"83":{"start":{"line":84,"column":0},"end":{"line":84,"column":47}},"84":{"start":{"line":85,"column":0},"end":{"line":85,"column":75}},"85":{"start":{"line":86,"column":0},"end":{"line":86,"column":70}},"87":{"start":{"line":88,"column":0},"end":{"line":88,"column":23}},"88":{"start":{"line":89,"column":0},"end":{"line":89,"column":34}},"89":{"start":{"line":90,"column":0},"end":{"line":90,"column":56}},"90":{"start":{"line":91,"column":0},"end":{"line":91,"column":35}},"91":{"start":{"line":92,"column":0},"end":{"line":92,"column":89}},"92":{"start":{"line":93,"column":0},"end":{"line":93,"column":22}},"93":{"start":{"line":94,"column":0},"end":{"line":94,"column":27}},"94":{"start":{"line":95,"column":0},"end":{"line":95,"column":34}},"95":{"start":{"line":96,"column":0},"end":{"line":96,"column":57}},"96":{"start":{"line":97,"column":0},"end":{"line":97,"column":10}},"98":{"start":{"line":99,"column":0},"end":{"line":99,"column":12}},"99":{"start":{"line":100,"column":0},"end":{"line":100,"column":31}},"100":{"start":{"line":101,"column":0},"end":{"line":101,"column":17}},"101":{"start":{"line":102,"column":0},"end":{"line":102,"column":22}},"102":{"start":{"line":103,"column":0},"end":{"line":103,"column":17}},"103":{"start":{"line":104,"column":0},"end":{"line":104,"column":5}},"104":{"start":{"line":105,"column":0},"end":{"line":105,"column":3}},"106":{"start":{"line":107,"column":0},"end":{"line":107,"column":52}},"107":{"start":{"line":108,"column":0},"end":{"line":108,"column":78}},"108":{"start":{"line":109,"column":0},"end":{"line":109,"column":27}},"109":{"start":{"line":110,"column":0},"end":{"line":110,"column":117}},"110":{"start":{"line":111,"column":0},"end":{"line":111,"column":28}},"111":{"start":{"line":112,"column":0},"end":{"line":112,"column":57}},"112":{"start":{"line":113,"column":0},"end":{"line":113,"column":7}},"113":{"start":{"line":114,"column":0},"end":{"line":114,"column":5}},"115":{"start":{"line":116,"column":0},"end":{"line":116,"column":66}},"116":{"start":{"line":117,"column":0},"end":{"line":117,"column":23}},"117":{"start":{"line":118,"column":0},"end":{"line":118,"column":49}},"118":{"start":{"line":119,"column":0},"end":{"line":119,"column":5}},"120":{"start":{"line":121,"column":0},"end":{"line":121,"column":86}},"121":{"start":{"line":122,"column":0},"end":{"line":122,"column":22}},"122":{"start":{"line":123,"column":0},"end":{"line":123,"column":62}},"123":{"start":{"line":124,"column":0},"end":{"line":124,"column":88}},"124":{"start":{"line":125,"column":0},"end":{"line":125,"column":51}},"125":{"start":{"line":126,"column":0},"end":{"line":126,"column":61}},"126":{"start":{"line":127,"column":0},"end":{"line":127,"column":72}},"127":{"start":{"line":128,"column":0},"end":{"line":128,"column":8}},"129":{"start":{"line":130,"column":0},"end":{"line":130,"column":14}},"130":{"start":{"line":131,"column":0},"end":{"line":131,"column":63}},"131":{"start":{"line":132,"column":0},"end":{"line":132,"column":66}},"132":{"start":{"line":133,"column":0},"end":{"line":133,"column":24}},"133":{"start":{"line":134,"column":0},"end":{"line":134,"column":78}},"134":{"start":{"line":135,"column":0},"end":{"line":135,"column":49}},"135":{"start":{"line":136,"column":0},"end":{"line":136,"column":35}},"136":{"start":{"line":137,"column":0},"end":{"line":137,"column":7}},"137":{"start":{"line":138,"column":0},"end":{"line":138,"column":5}},"139":{"start":{"line":140,"column":0},"end":{"line":140,"column":29}},"140":{"start":{"line":141,"column":0},"end":{"line":141,"column":54}},"141":{"start":{"line":142,"column":0},"end":{"line":142,"column":5}},"142":{"start":{"line":143,"column":0},"end":{"line":143,"column":3}},"144":{"start":{"line":145,"column":0},"end":{"line":145,"column":27}},"145":{"start":{"line":146,"column":0},"end":{"line":146,"column":52}},"146":{"start":{"line":147,"column":0},"end":{"line":147,"column":3}},"148":{"start":{"line":149,"column":0},"end":{"line":149,"column":10}},"149":{"start":{"line":150,"column":0},"end":{"line":150,"column":28}},"150":{"start":{"line":151,"column":0},"end":{"line":151,"column":35}},"151":{"start":{"line":152,"column":0},"end":{"line":152,"column":52}},"152":{"start":{"line":153,"column":0},"end":{"line":153,"column":27}},"153":{"start":{"line":154,"column":0},"end":{"line":154,"column":3}},"154":{"start":{"line":155,"column":0},"end":{"line":155,"column":1}}},"s":{"15":28,"16":28,"17":28,"19":7,"20":7,"21":7,"23":12,"24":12,"25":11,"26":11,"27":12,"28":12,"29":0,"30":0,"31":12,"33":9,"34":9,"35":9,"36":8,"37":1,"38":9,"40":3,"41":3,"42":3,"43":3,"45":3,"46":3,"47":3,"48":3,"49":3,"50":3,"51":3,"52":3,"53":3,"54":3,"55":3,"57":1,"58":1,"59":1,"60":1,"61":1,"62":1,"63":1,"65":1,"66":1,"67":1,"68":1,"69":1,"70":1,"71":1,"72":1,"74":1,"82":5,"83":5,"84":5,"85":5,"87":5,"88":3,"89":3,"90":3,"91":3,"92":3,"93":3,"94":3,"95":2,"96":0,"98":3,"99":3,"100":3,"101":3,"102":3,"103":3,"104":3,"106":5,"107":3,"108":3,"109":1,"110":1,"111":1,"112":1,"113":1,"115":2,"116":3,"117":1,"118":1,"120":1,"121":1,"122":1,"123":1,"124":1,"125":1,"126":1,"127":1,"129":1,"130":1,"131":1,"132":1,"133":1,"134":1,"135":1,"136":1,"137":1,"139":0,"140":0,"141":0,"142":3,"144":5,"145":1,"146":1,"148":1,"149":1,"150":1,"151":1,"152":1,"153":1,"154":1},"branchMap":{"0":{"type":"branch","line":16,"loc":{"start":{"line":16,"column":0},"end":{"line":18,"column":1}},"locations":[{"start":{"line":16,"column":0},"end":{"line":18,"column":1}}]},"1":{"type":"branch","line":17,"loc":{"start":{"line":17,"column":16},"end":{"line":17,"column":27}},"locations":[{"start":{"line":17,"column":16},"end":{"line":17,"column":27}}]},"2":{"type":"branch","line":20,"loc":{"start":{"line":20,"column":0},"end":{"line":22,"column":1}},"locations":[{"start":{"line":20,"column":0},"end":{"line":22,"column":1}}]},"3":{"type":"branch","line":24,"loc":{"start":{"line":24,"column":0},"end":{"line":32,"column":1}},"locations":[{"start":{"line":24,"column":0},"end":{"line":32,"column":1}}]},"4":{"type":"branch","line":25,"loc":{"start":{"line":25,"column":12},"end":{"line":25,"column":21}},"locations":[{"start":{"line":25,"column":12},"end":{"line":25,"column":21}}]},"5":{"type":"branch","line":25,"loc":{"start":{"line":25,"column":20},"end":{"line":28,"column":50}},"locations":[{"start":{"line":25,"column":20},"end":{"line":28,"column":50}}]},"6":{"type":"branch","line":28,"loc":{"start":{"line":28,"column":39},"end":{"line":28,"column":59}},"locations":[{"start":{"line":28,"column":39},"end":{"line":28,"column":59}}]},"7":{"type":"branch","line":28,"loc":{"start":{"line":28,"column":50},"end":{"line":28,"column":61}},"locations":[{"start":{"line":28,"column":50},"end":{"line":28,"column":61}}]},"8":{"type":"branch","line":29,"loc":{"start":{"line":29,"column":2},"end":{"line":31,"column":3}},"locations":[{"start":{"line":29,"column":2},"end":{"line":31,"column":3}}]},"9":{"type":"branch","line":34,"loc":{"start":{"line":34,"column":0},"end":{"line":39,"column":1}},"locations":[{"start":{"line":34,"column":0},"end":{"line":39,"column":1}}]},"10":{"type":"branch","line":36,"loc":{"start":{"line":36,"column":38},"end":{"line":36,"column":74}},"locations":[{"start":{"line":36,"column":38},"end":{"line":36,"column":74}}]},"11":{"type":"branch","line":36,"loc":{"start":{"line":36,"column":73},"end":{"line":37,"column":30}},"locations":[{"start":{"line":36,"column":73},"end":{"line":37,"column":30}}]},"12":{"type":"branch","line":37,"loc":{"start":{"line":37,"column":29},"end":{"line":38,"column":10}},"locations":[{"start":{"line":37,"column":29},"end":{"line":38,"column":10}}]},"13":{"type":"branch","line":41,"loc":{"start":{"line":41,"column":0},"end":{"line":44,"column":1}},"locations":[{"start":{"line":41,"column":0},"end":{"line":44,"column":1}}]},"14":{"type":"branch","line":46,"loc":{"start":{"line":46,"column":0},"end":{"line":56,"column":1}},"locations":[{"start":{"line":46,"column":0},"end":{"line":56,"column":1}}]},"15":{"type":"branch","line":51,"loc":{"start":{"line":51,"column":66},"end":{"line":51,"column":81}},"locations":[{"start":{"line":51,"column":66},"end":{"line":51,"column":81}}]},"16":{"type":"branch","line":52,"loc":{"start":{"line":52,"column":23},"end":{"line":55,"column":3}},"locations":[{"start":{"line":52,"column":23},"end":{"line":55,"column":3}}]},"17":{"type":"branch","line":54,"loc":{"start":{"line":54,"column":28},"end":{"line":54,"column":63}},"locations":[{"start":{"line":54,"column":28},"end":{"line":54,"column":63}}]},"18":{"type":"branch","line":58,"loc":{"start":{"line":58,"column":0},"end":{"line":73,"column":1}},"locations":[{"start":{"line":58,"column":0},"end":{"line":73,"column":1}}]},"19":{"type":"branch","line":64,"loc":{"start":{"line":64,"column":15},"end":{"line":64,"column":26}},"locations":[{"start":{"line":64,"column":15},"end":{"line":64,"column":26}}]},"20":{"type":"branch","line":72,"loc":{"start":{"line":72,"column":3},"end":{"line":72,"column":12}},"locations":[{"start":{"line":72,"column":3},"end":{"line":72,"column":12}}]},"21":{"type":"branch","line":66,"loc":{"start":{"line":66,"column":24},"end":{"line":72,"column":3}},"locations":[{"start":{"line":66,"column":24},"end":{"line":72,"column":3}}]},"22":{"type":"branch","line":68,"loc":{"start":{"line":68,"column":70},"end":{"line":68,"column":85}},"locations":[{"start":{"line":68,"column":70},"end":{"line":68,"column":85}}]},"23":{"type":"branch","line":70,"loc":{"start":{"line":70,"column":70},"end":{"line":70,"column":84}},"locations":[{"start":{"line":70,"column":70},"end":{"line":70,"column":84}}]},"24":{"type":"branch","line":71,"loc":{"start":{"line":71,"column":11},"end":{"line":71,"column":37}},"locations":[{"start":{"line":71,"column":11},"end":{"line":71,"column":37}}]},"25":{"type":"branch","line":71,"loc":{"start":{"line":71,"column":21},"end":{"line":71,"column":51}},"locations":[{"start":{"line":71,"column":21},"end":{"line":71,"column":51}}]},"26":{"type":"branch","line":75,"loc":{"start":{"line":75,"column":7},"end":{"line":155,"column":1}},"locations":[{"start":{"line":75,"column":7},"end":{"line":155,"column":1}}]},"27":{"type":"branch","line":86,"loc":{"start":{"line":86,"column":36},"end":{"line":86,"column":61}},"locations":[{"start":{"line":86,"column":36},"end":{"line":86,"column":61}}]},"28":{"type":"branch","line":107,"loc":{"start":{"line":107,"column":51},"end":{"line":143,"column":3}},"locations":[{"start":{"line":107,"column":51},"end":{"line":143,"column":3}}]},"29":{"type":"branch","line":108,"loc":{"start":{"line":108,"column":37},"end":{"line":108,"column":72}},"locations":[{"start":{"line":108,"column":37},"end":{"line":108,"column":72}}]},"30":{"type":"branch","line":109,"loc":{"start":{"line":109,"column":26},"end":{"line":114,"column":5}},"locations":[{"start":{"line":109,"column":26},"end":{"line":114,"column":5}}]},"31":{"type":"branch","line":114,"loc":{"start":{"line":114,"column":4},"end":{"line":117,"column":22}},"locations":[{"start":{"line":114,"column":4},"end":{"line":117,"column":22}}]},"32":{"type":"branch","line":117,"loc":{"start":{"line":117,"column":22},"end":{"line":138,"column":5}},"locations":[{"start":{"line":117,"column":22},"end":{"line":138,"column":5}}]},"33":{"type":"branch","line":131,"loc":{"start":{"line":131,"column":22},"end":{"line":131,"column":45}},"locations":[{"start":{"line":131,"column":22},"end":{"line":131,"column":45}}]},"34":{"type":"branch","line":132,"loc":{"start":{"line":132,"column":54},"end":{"line":132,"column":66}},"locations":[{"start":{"line":132,"column":54},"end":{"line":132,"column":66}}]},"35":{"type":"branch","line":138,"loc":{"start":{"line":138,"column":4},"end":{"line":142,"column":5}},"locations":[{"start":{"line":138,"column":4},"end":{"line":142,"column":5}}]},"36":{"type":"branch","line":143,"loc":{"start":{"line":143,"column":2},"end":{"line":145,"column":26}},"locations":[{"start":{"line":143,"column":2},"end":{"line":145,"column":26}}]},"37":{"type":"branch","line":145,"loc":{"start":{"line":145,"column":26},"end":{"line":155,"column":1}},"locations":[{"start":{"line":145,"column":26},"end":{"line":155,"column":1}}]},"38":{"type":"branch","line":88,"loc":{"start":{"line":88,"column":22},"end":{"line":105,"column":3}},"locations":[{"start":{"line":88,"column":22},"end":{"line":105,"column":3}}]},"39":{"type":"branch","line":92,"loc":{"start":{"line":92,"column":53},"end":{"line":92,"column":89}},"locations":[{"start":{"line":92,"column":53},"end":{"line":92,"column":89}}]},"40":{"type":"branch","line":95,"loc":{"start":{"line":95,"column":12},"end":{"line":95,"column":30}},"locations":[{"start":{"line":95,"column":12},"end":{"line":95,"column":30}}]},"41":{"type":"branch","line":95,"loc":{"start":{"line":95,"column":30},"end":{"line":96,"column":57}},"locations":[{"start":{"line":95,"column":30},"end":{"line":96,"column":57}}]},"42":{"type":"branch","line":96,"loc":{"start":{"line":96,"column":51},"end":{"line":97,"column":10}},"locations":[{"start":{"line":96,"column":51},"end":{"line":97,"column":10}}]},"43":{"type":"branch","line":121,"loc":{"start":{"line":121,"column":45},"end":{"line":121,"column":85}},"locations":[{"start":{"line":121,"column":45},"end":{"line":121,"column":85}}]},"44":{"type":"branch","line":123,"loc":{"start":{"line":123,"column":50},"end":{"line":128,"column":7}},"locations":[{"start":{"line":123,"column":50},"end":{"line":128,"column":7}}]},"45":{"type":"branch","line":124,"loc":{"start":{"line":124,"column":72},"end":{"line":124,"column":87}},"locations":[{"start":{"line":124,"column":72},"end":{"line":124,"column":87}}]}},"b":{"0":[28],"1":[0],"2":[7],"3":[12],"4":[1],"5":[11],"6":[11],"7":[0],"8":[0],"9":[9],"10":[8],"11":[8],"12":[1],"13":[3],"14":[3],"15":[0],"16":[3],"17":[0],"18":[1],"19":[0],"20":[0],"21":[1],"22":[0],"23":[0],"24":[0],"25":[0],"26":[5],"27":[0],"28":[3],"29":[2],"30":[1],"31":[2],"32":[1],"33":[0],"34":[0],"35":[0],"36":[2],"37":[1],"38":[3],"39":[0],"40":[1],"41":[2],"42":[0],"43":[1],"44":[1],"45":[0]},"fnMap":{"0":{"name":"normalizeName","decl":{"start":{"line":16,"column":0},"end":{"line":18,"column":1}},"loc":{"start":{"line":16,"column":0},"end":{"line":18,"column":1}},"line":16},"1":{"name":"normalizeOpenClawId","decl":{"start":{"line":20,"column":0},"end":{"line":22,"column":1}},"loc":{"start":{"line":20,"column":0},"end":{"line":22,"column":1}},"line":20},"2":{"name":"parseConfig","decl":{"start":{"line":24,"column":0},"end":{"line":32,"column":1}},"loc":{"start":{"line":24,"column":0},"end":{"line":32,"column":1}},"line":24},"3":{"name":"getConfigOpenClawId","decl":{"start":{"line":34,"column":0},"end":{"line":39,"column":1}},"loc":{"start":{"line":34,"column":0},"end":{"line":39,"column":1}},"line":34},"4":{"name":"getConfigIsDefault","decl":{"start":{"line":41,"column":0},"end":{"line":44,"column":1}},"loc":{"start":{"line":41,"column":0},"end":{"line":44,"column":1}},"line":41},"5":{"name":"findSessionForAgent","decl":{"start":{"line":46,"column":0},"end":{"line":56,"column":1}},"loc":{"start":{"line":46,"column":0},"end":{"line":56,"column":1}},"line":46},"6":{"name":"resolveConfiguredCoordinatorTarget","decl":{"start":{"line":58,"column":0},"end":{"line":73,"column":1}},"loc":{"start":{"line":58,"column":0},"end":{"line":73,"column":1}},"line":58},"7":{"name":"resolveCoordinatorDeliveryTarget","decl":{"start":{"line":75,"column":7},"end":{"line":155,"column":1}},"loc":{"start":{"line":75,"column":7},"end":{"line":155,"column":1}},"line":75},"8":{"name":"buildResult","decl":{"start":{"line":88,"column":22},"end":{"line":105,"column":3}},"loc":{"start":{"line":88,"column":22},"end":{"line":105,"column":3}},"line":88}},"f":{"0":28,"1":7,"2":12,"3":9,"4":3,"5":3,"6":1,"7":5,"8":3}}
,"/Users/Tony1/Documents/Ultron/src/lib/cron-occurrences.ts": {"path":"/Users/Tony1/Documents/Ultron/src/lib/cron-occurrences.ts","all":false,"statementMap":{"18":{"start":{"line":19,"column":0},"end":{"line":19,"column":55}},"19":{"start":{"line":20,"column":0},"end":{"line":20,"column":28}},"20":{"start":{"line":21,"column":0},"end":{"line":21,"column":59}},"21":{"start":{"line":22,"column":0},"end":{"line":22,"column":47}},"22":{"start":{"line":23,"column":0},"end":{"line":23,"column":1}},"24":{"start":{"line":25,"column":0},"end":{"line":25,"column":101}},"25":{"start":{"line":26,"column":0},"end":{"line":26,"column":36}},"26":{"start":{"line":27,"column":0},"end":{"line":27,"column":30}},"27":{"start":{"line":28,"column":0},"end":{"line":28,"column":24}},"28":{"start":{"line":29,"column":0},"end":{"line":29,"column":55}},"29":{"start":{"line":30,"column":0},"end":{"line":30,"column":42}},"30":{"start":{"line":31,"column":0},"end":{"line":31,"column":3}},"32":{"start":{"line":33,"column":0},"end":{"line":33,"column":42}},"33":{"start":{"line":34,"column":0},"end":{"line":34,"column":31}},"34":{"start":{"line":35,"column":0},"end":{"line":35,"column":26}},"36":{"start":{"line":37,"column":0},"end":{"line":37,"column":52}},"37":{"start":{"line":38,"column":0},"end":{"line":38,"column":48}},"38":{"start":{"line":39,"column":0},"end":{"line":39,"column":53}},"40":{"start":{"line":41,"column":0},"end":{"line":41,"column":28}},"41":{"start":{"line":42,"column":0},"end":{"line":42,"column":60}},"42":{"start":{"line":43,"column":0},"end":{"line":43,"column":14}},"43":{"start":{"line":44,"column":0},"end":{"line":44,"column":5}},"45":{"start":{"line":46,"column":0},"end":{"line":46,"column":34}},"46":{"start":{"line":47,"column":0},"end":{"line":47,"column":51}},"47":{"start":{"line":48,"column":0},"end":{"line":48,"column":34}},"48":{"start":{"line":49,"column":0},"end":{"line":49,"column":30}},"49":{"start":{"line":50,"column":0},"end":{"line":50,"column":66}},"50":{"start":{"line":51,"column":0},"end":{"line":51,"column":54}},"51":{"start":{"line":52,"column":0},"end":{"line":52,"column":50}},"52":{"start":{"line":53,"column":0},"end":{"line":53,"column":62}},"53":{"start":{"line":54,"column":0},"end":{"line":54,"column":14}},"54":{"start":{"line":55,"column":0},"end":{"line":55,"column":5}},"56":{"start":{"line":57,"column":0},"end":{"line":57,"column":36}},"57":{"start":{"line":58,"column":0},"end":{"line":58,"column":42}},"58":{"start":{"line":59,"column":0},"end":{"line":59,"column":60}},"59":{"start":{"line":60,"column":0},"end":{"line":60,"column":3}},"61":{"start":{"line":62,"column":0},"end":{"line":62,"column":41}},"62":{"start":{"line":63,"column":0},"end":{"line":63,"column":1}},"64":{"start":{"line":65,"column":0},"end":{"line":65,"column":75}},"65":{"start":{"line":66,"column":0},"end":{"line":66,"column":44}},"66":{"start":{"line":67,"column":0},"end":{"line":67,"column":10}},"67":{"start":{"line":68,"column":0},"end":{"line":68,"column":20}},"68":{"start":{"line":69,"column":0},"end":{"line":69,"column":57}},"69":{"start":{"line":70,"column":0},"end":{"line":70,"column":3}},"70":{"start":{"line":71,"column":0},"end":{"line":71,"column":1}},"72":{"start":{"line":73,"column":0},"end":{"line":73,"column":52}},"73":{"start":{"line":74,"column":0},"end":{"line":74,"column":49}},"74":{"start":{"line":75,"column":0},"end":{"line":75,"column":55}},"75":{"start":{"line":76,"column":0},"end":{"line":76,"column":37}},"77":{"start":{"line":78,"column":0},"end":{"line":78,"column":10}},"78":{"start":{"line":79,"column":0},"end":{"line":79,"column":40}},"79":{"start":{"line":80,"column":0},"end":{"line":80,"column":38}},"80":{"start":{"line":81,"column":0},"end":{"line":81,"column":44}},"81":{"start":{"line":82,"column":0},"end":{"line":82,"column":39}},"82":{"start":{"line":83,"column":0},"end":{"line":83,"column":42}},"83":{"start":{"line":84,"column":0},"end":{"line":84,"column":3}},"84":{"start":{"line":85,"column":0},"end":{"line":85,"column":1}},"86":{"start":{"line":87,"column":0},"end":{"line":87,"column":62}},"87":{"start":{"line":88,"column":0},"end":{"line":88,"column":69}},"88":{"start":{"line":89,"column":0},"end":{"line":89,"column":66}},"90":{"start":{"line":91,"column":0},"end":{"line":91,"column":64}},"91":{"start":{"line":92,"column":0},"end":{"line":92,"column":52}},"92":{"start":{"line":93,"column":0},"end":{"line":93,"column":52}},"93":{"start":{"line":94,"column":0},"end":{"line":94,"column":46}},"94":{"start":{"line":95,"column":0},"end":{"line":95,"column":1}},"96":{"start":{"line":97,"column":0},"end":{"line":97,"column":49}},"97":{"start":{"line":98,"column":0},"end":{"line":98,"column":33}},"98":{"start":{"line":99,"column":0},"end":{"line":99,"column":60}},"99":{"start":{"line":100,"column":0},"end":{"line":100,"column":53}},"100":{"start":{"line":101,"column":0},"end":{"line":101,"column":34}},"101":{"start":{"line":102,"column":0},"end":{"line":102,"column":1}},"103":{"start":{"line":104,"column":0},"end":{"line":104,"column":35}},"104":{"start":{"line":105,"column":0},"end":{"line":105,"column":19}},"105":{"start":{"line":106,"column":0},"end":{"line":106,"column":23}},"106":{"start":{"line":107,"column":0},"end":{"line":107,"column":21}},"107":{"start":{"line":108,"column":0},"end":{"line":108,"column":12}},"108":{"start":{"line":109,"column":0},"end":{"line":109,"column":21}},"109":{"start":{"line":110,"column":0},"end":{"line":110,"column":92}},"110":{"start":{"line":111,"column":0},"end":{"line":111,"column":55}},"112":{"start":{"line":113,"column":0},"end":{"line":113,"column":36}},"113":{"start":{"line":114,"column":0},"end":{"line":114,"column":24}},"115":{"start":{"line":116,"column":0},"end":{"line":116,"column":42}},"116":{"start":{"line":117,"column":0},"end":{"line":117,"column":39}},"117":{"start":{"line":118,"column":0},"end":{"line":118,"column":25}},"118":{"start":{"line":119,"column":0},"end":{"line":119,"column":40}},"119":{"start":{"line":120,"column":0},"end":{"line":120,"column":52}},"120":{"start":{"line":121,"column":0},"end":{"line":121,"column":3}},"122":{"start":{"line":123,"column":0},"end":{"line":123,"column":69}},"123":{"start":{"line":124,"column":0},"end":{"line":124,"column":8}},"124":{"start":{"line":125,"column":0},"end":{"line":125,"column":52}},"125":{"start":{"line":126,"column":0},"end":{"line":126,"column":35}},"126":{"start":{"line":127,"column":0},"end":{"line":127,"column":47}},"127":{"start":{"line":128,"column":0},"end":{"line":128,"column":48}},"128":{"start":{"line":129,"column":0},"end":{"line":129,"column":7}},"129":{"start":{"line":130,"column":0},"end":{"line":130,"column":24}},"130":{"start":{"line":131,"column":0},"end":{"line":131,"column":31}},"131":{"start":{"line":132,"column":0},"end":{"line":132,"column":36}},"132":{"start":{"line":133,"column":0},"end":{"line":133,"column":8}},"133":{"start":{"line":134,"column":0},"end":{"line":134,"column":5}},"134":{"start":{"line":135,"column":0},"end":{"line":135,"column":52}},"135":{"start":{"line":136,"column":0},"end":{"line":136,"column":3}},"137":{"start":{"line":138,"column":0},"end":{"line":138,"column":20}},"138":{"start":{"line":139,"column":0},"end":{"line":139,"column":1}}},"s":{"18":4,"19":4,"20":4,"21":4,"22":4,"24":15,"25":15,"26":15,"27":15,"28":10,"29":10,"30":10,"32":5,"33":5,"34":5,"36":5,"37":5,"38":5,"40":5,"41":1,"42":1,"43":1,"45":5,"46":0,"47":0,"48":0,"49":0,"50":0,"51":0,"52":0,"53":0,"54":0,"56":4,"57":4,"58":5,"59":5,"61":5,"62":5,"64":15,"65":15,"66":15,"67":15,"68":15,"69":15,"70":15,"72":4,"73":4,"74":4,"75":4,"77":3,"78":3,"79":3,"80":3,"81":3,"82":3,"83":3,"84":3,"86":7380,"87":7380,"88":7380,"90":7380,"91":0,"92":0,"93":0,"94":7380,"96":1,"97":12,"98":12,"99":12,"100":12,"101":12,"103":1,"104":4,"105":4,"106":4,"107":4,"108":4,"109":4,"110":4,"112":4,"113":4,"115":3,"116":3,"117":3,"118":4,"119":0,"120":0,"122":4,"123":7380,"124":7380,"125":7380,"126":7380,"127":480,"128":7380,"129":11,"130":11,"131":11,"132":11,"133":11,"134":7380,"135":7380,"137":3,"138":3},"branchMap":{"0":{"type":"branch","line":19,"loc":{"start":{"line":19,"column":0},"end":{"line":23,"column":1}},"locations":[{"start":{"line":19,"column":0},"end":{"line":23,"column":1}}]},"1":{"type":"branch","line":22,"loc":{"start":{"line":22,"column":10},"end":{"line":22,"column":32}},"locations":[{"start":{"line":22,"column":10},"end":{"line":22,"column":32}}]},"2":{"type":"branch","line":22,"loc":{"start":{"line":22,"column":27},"end":{"line":22,"column":41}},"locations":[{"start":{"line":22,"column":27},"end":{"line":22,"column":41}}]},"3":{"type":"branch","line":25,"loc":{"start":{"line":25,"column":0},"end":{"line":63,"column":1}},"locations":[{"start":{"line":25,"column":0},"end":{"line":63,"column":1}}]},"4":{"type":"branch","line":28,"loc":{"start":{"line":28,"column":23},"end":{"line":31,"column":3}},"locations":[{"start":{"line":28,"column":23},"end":{"line":31,"column":3}}]},"5":{"type":"branch","line"
[...]
ine":173,"column":28}},"173":{"start":{"line":174,"column":0},"end":{"line":174,"column":29}},"176":{"start":{"line":177,"column":0},"end":{"line":177,"column":6}},"178":{"start":{"line":179,"column":0},"end":{"line":179,"column":84}},"179":{"start":{"line":180,"column":0},"end":{"line":180,"column":35}},"180":{"start":{"line":181,"column":0},"end":{"line":181,"column":17}},"181":{"start":{"line":182,"column":0},"end":{"line":182,"column":28}},"182":{"start":{"line":183,"column":0},"end":{"line":183,"column":23}},"183":{"start":{"line":184,"column":0},"end":{"line":184,"column":31}},"184":{"start":{"line":185,"column":0},"end":{"line":185,"column":29}},"185":{"start":{"line":186,"column":0},"end":{"line":186,"column":64}},"186":{"start":{"line":187,"column":0},"end":{"line":187,"column":9}},"187":{"start":{"line":188,"column":0},"end":{"line":188,"column":7}},"188":{"start":{"line":189,"column":0},"end":{"line":189,"column":6}},"190":{"start":{"line":191,"column":0},"end":{"line":191,"column":22}},"191":{"start":{"line":192,"column":0},"end":{"line":192,"column":19}},"192":{"start":{"line":193,"column":0},"end":{"line":193,"column":74}},"193":{"start":{"line":194,"column":0},"end":{"line":194,"column":3}},"194":{"start":{"line":195,"column":0},"end":{"line":195,"column":1}},"199":{"start":{"line":200,"column":0},"end":{"line":200,"column":75}},"200":{"start":{"line":201,"column":0},"end":{"line":201,"column":7}},"201":{"start":{"line":202,"column":0},"end":{"line":202,"column":28}},"202":{"start":{"line":203,"column":0},"end":{"line":203,"column":29}},"211":{"start":{"line":212,"column":0},"end":{"line":212,"column":23}},"219":{"start":{"line":220,"column":0},"end":{"line":220,"column":58}},"220":{"start":{"line":221,"column":0},"end":{"line":221,"column":36}},"221":{"start":{"line":222,"column":0},"end":{"line":222,"column":25}},"222":{"start":{"line":223,"column":0},"end":{"line":223,"column":48}},"223":{"start":{"line":224,"column":0},"end":{"line":224,"column":38}},"224":{"start":{"line":225,"column":0},"end":{"line":225,"column":63}},"225":{"start":{"line":226,"column":0},"end":{"line":226,"column":8}},"226":{"start":{"line":227,"column":0},"end":{"line":227,"column":19}},"227":{"start":{"line":228,"column":0},"end":{"line":228,"column":70}},"228":{"start":{"line":229,"column":0},"end":{"line":229,"column":28}},"229":{"start":{"line":230,"column":0},"end":{"line":230,"column":3}},"230":{"start":{"line":231,"column":0},"end":{"line":231,"column":1}},"235":{"start":{"line":236,"column":0},"end":{"line":236,"column":33}},"236":{"start":{"line":237,"column":0},"end":{"line":237,"column":55}},"237":{"start":{"line":238,"column":0},"end":{"line":238,"column":9}},"238":{"start":{"line":239,"column":0},"end":{"line":239,"column":36}},"240":{"start":{"line":241,"column":0},"end":{"line":241,"column":14}},"241":{"start":{"line":242,"column":0},"end":{"line":242,"column":43}},"242":{"start":{"line":243,"column":0},"end":{"line":243,"column":27}},"243":{"start":{"line":244,"column":0},"end":{"line":244,"column":3}},"246":{"start":{"line":247,"column":0},"end":{"line":247,"column":39}},"248":{"start":{"line":249,"column":0},"end":{"line":249,"column":37}},"249":{"start":{"line":250,"column":0},"end":{"line":250,"column":41}},"250":{"start":{"line":251,"column":0},"end":{"line":251,"column":28}},"253":{"start":{"line":254,"column":0},"end":{"line":254,"column":28}},"254":{"start":{"line":255,"column":0},"end":{"line":255,"column":25}},"255":{"start":{"line":256,"column":0},"end":{"line":256,"column":3}},"256":{"start":{"line":257,"column":0},"end":{"line":257,"column":1}},"261":{"start":{"line":262,"column":0},"end":{"line":262,"column":41}},"262":{"start":{"line":263,"column":0},"end":{"line":263,"column":31}},"263":{"start":{"line":264,"column":0},"end":{"line":264,"column":32}},"264":{"start":{"line":265,"column":0},"end":{"line":265,"column":24}},"265":{"start":{"line":266,"column":0},"end":{"line":266,"column":39}},"266":{"start":{"line":267,"column":0},"end":{"line":267,"column":3}},"267":{"start":{"line":268,"column":0},"end":{"line":268,"column":1}},"272":{"start":{"line":273,"column":0},"end":{"line":273,"column":75}},"273":{"start":{"line":274,"column":0},"end":{"line":274,"column":7}},"274":{"start":{"line":275,"column":0},"end":{"line":275,"column":28}},"275":{"start":{"line":276,"column":0},"end":{"line":276,"column":47}},"276":{"start":{"line":277,"column":0},"end":{"line":277,"column":30}},"277":{"start":{"line":278,"column":0},"end":{"line":278,"column":54}},"278":{"start":{"line":279,"column":0},"end":{"line":279,"column":17}},"279":{"start":{"line":280,"column":0},"end":{"line":280,"column":25}},"280":{"start":{"line":281,"column":0},"end":{"line":281,"column":19}},"281":{"start":{"line":282,"column":0},"end":{"line":282,"column":65}},"282":{"start":{"line":283,"column":0},"end":{"line":283,"column":12}},"283":{"start":{"line":284,"column":0},"end":{"line":284,"column":3}},"284":{"start":{"line":285,"column":0},"end":{"line":285,"column":1}}},"s":{"0":1,"6":1,"16":1,"17":1,"18":1,"19":1,"21":1,"22":1,"23":1,"24":1,"26":1,"28":2,"29":2,"30":2,"35":3,"36":3,"37":3,"38":3,"39":3,"40":3,"42":3,"43":0,"44":0,"46":3,"47":3,"48":3,"49":1,"50":1,"51":1,"52":1,"53":3,"58":0,"59":0,"60":0,"61":0,"62":0,"64":0,"65":0,"66":0,"67":0,"68":0,"70":0,"71":0,"72":0,"73":0,"74":0,"76":0,"77":0,"78":0,"79":0,"80":0,"81":0,"82":0,"83":0,"84":0,"85":0,"86":0,"91":1,"92":1,"93":1,"94":1,"95":1,"96":1,"98":1,"99":1,"100":1,"101":1,"102":1,"104":1,"105":1,"106":1,"107":1,"108":1,"109":1,"110":1,"111":0,"112":0,"113":0,"114":0,"115":1,"117":1,"118":1,"119":1,"120":1,"121":1,"122":1,"123":1,"124":1,"125":1,"127":5,"128":5,"129":5,"130":5,"131":5,"132":5,"133":5,"134":5,"135":5,"136":5,"137":5,"138":5,"139":5,"140":5,"141":5,"143":1,"144":1,"145":1,"146":1,"147":1,"153":1,"154":5,"155":5,"156":5,"157":5,"158":5,"159":1,"160":1,"161":4,"162":5,"164":5,"165":5,"166":5,"168":5,"169":5,"170":5,"171":5,"172":5,"173":5,"176":5,"178":5,"179":5,"180":5,"181":5,"182":5,"183":5,"184":5,"185":5,"186":5,"187":5,"188":5,"190":5,"191":5,"192":0,"193":0,"194":5,"199":1,"200":4,"201":4,"202":4,"211":4,"219":4,"220":2,"221":2,"222":2,"223":2,"224":2,"225":4,"226":4,"227":1,"228":1,"229":1,"230":4,"235":1,"236":0,"237":0,"238":0,"240":0,"241":0,"242":0,"243":0,"246":0,"248":0,"249":0,"250":0,"253":0,"254":0,"255":0,"256":0,"261":1,"262":0,"263":0,"264":0,"265":0,"266":0,"267":0,"272":1,"273":2,"274":2,"275":2,"276":2,"277":2,"278":2,"279":2,"280":2,"281":1,"282":1,"283":1,"284":2},"branchMap":{"0":{"type":"branch","line":29,"loc":{"start":{"line":29,"column":0},"end":{"line":31,"column":1}},"locations":[{"start":{"line":29,"column":0},"end":{"line":31,"column":1}}]},"1":{"type":"branch","line":36,"loc":{"start":{"line":36,"column":0},"end":{"line":54,"column":1}},"locations":[{"start":{"line":36,"column":0},"end":{"line":54,"column":1}}]},"2":{"type":"branch","line":43,"loc":{"start":{"line":43,"column":9},"end":{"line":43,"column":30}},"locations":[{"start":{"line":43,"column":9},"end":{"line":43,"column":30}}]},"3":{"type":"branch","line":43,"loc":{"start":{"line":43,"column":30},"end":{"line":45,"column":5}},"locations":[{"start":{"line":43,"column":30},"end":{"line":45,"column":5}}]},"4":{"type":"branch","line":45,"loc":{"start":{"line":45,"column":4},"end":{"line":47,"column":50}},"locations":[{"start":{"line":45,"column":4},"end":{"line":47,"column":50}}]},"5":{"type":"branch","line":47,"loc":{"start":{"line":47,"column":43},"end":{"line":47,"column":63}},"locations":[{"start":{"line":47,"column":43},"end":{"line":47,"column":63}}]},"6":{"type":"branch","line":47,"loc":{"start":{"line":47,"column":50},"end":{"line":47,"column":72}},"locations":[{"start":{"line":47,"column":50},"end":{"line":47,"column":72}}]},"7":{"type":"branch","line":49,"loc":{"start":{"line":49,"column":2},"end":{"line":53,"column":3}},"locations":[{"start":{"line":49,"column":2},"end":{"line":53,"column":3}}]},"8":{"type":"branch","line":51,"loc":{"start":{"line":51,"column":51},"end":{"line":51,"column":74}},"locations":[{"start":{"line":51,"column":51},"end":{"line":51,"column":74}}]},"9":{"type":"branch","line":92,"loc":{"start":{"line":92,"column":0},"end":{"line":116,"column":1}},"locations":[{"start":{"line":92,"column":0},"end":{"line":116,"column":1}}]},"10":{"type":"branch","line":111,"loc":{"start":{"line":111,"column":2},"end":{"line":115,"column":3}},"locations":[{"start":{"line":111,"column":2},"end":{"line":115,"column":3}}]},"11":{"type":"branch","line":118,"loc":{"start":{"line":118,"column":0},"end":{"line":126,"column":1}},"locations":[{"start":{"line":118,"column":0},"end":{"line":126,"column":1}}]},"12":{"type":"branch","line":123,"loc":{"start":{"line":123,"column":34},"end":{"line":123,"column":47}},"locations":[{"start":{"line":123,"column":34},"end":{"line":123,"column":47}}]},"13":{"type":"branch","line":124,"loc":{"start":{"line":124,"column":30},"end":{"line":124,"column":47}},"locations":[{"start":{"line":124,"column":30},"end":{"line":124,"column":47}}]},"14":{"type":"branch","line":128,"loc":{"start":{"line":128,"column":0},"end":{"line":142,"column":1}},"locations":[{"start":{"line":128,"column":0},"end":{"line":142,"column":1}}]},"15":{"type":"branch","line":154,"loc":{"start":{"line":154,"column":7},"end":{"line":167,"column":1}},"locations":[{"start":{"line":154,"column":7},"end":{"line":167,"column":1}}]},"16":{"type":"branch","line":157,"loc":{"start":{"line":157,"column":31},"end":{"line":163,"column":3}},"locations":[{"start":{"line":157,"column":31},"end":{"line":163,"column":3}}]},"17":{"type":"branch","line":159,"loc":{"start":{"line":159,"column":18},"end":{"line":161,"column":5}},"locations":[{"start":{"line":159,"column":18},"end":{"line":161,"column":5}}]},"18":{"type":"branch","line":161,"loc":{"start":{"line":161,"column":4},"end":{"line":162,"column":20}},"locations":[{"start":{"line":161,"column":4},"end":{"line":162,"column":20}}]},"19":{"type":"branch","line":169,"loc":{"start":{"line":169,"column":0},"end":{"line":195,"column":1}},"locations":[{"start":{"line":169,"column":0},"end":{"line":195,"column":1}}]},"20":{"type":"branch","line":192,"loc":{"start":{"line":192,"column":2},"end":{"line":194,"column":3}},"locations":[{"start":{"line":192,"column":2},"end":{"line":194,"column":3}}]},"21":{"type":"branch","line":179,"loc":{"start":{"line":179,"column":37},"end":{"line":189,"column":5}},"locations":[{"start":{"line":179,"column":37},"end":{"line":189,"column":5}}]},"22":{"type":"branch","line":186,"loc":{"start":{"line":186,"column":16},"end":{"line":186,"column":60}},"locations":[{"start":{"line":186,"column":16},"end":{"line":186,"column":60}}]},"23":{"type":"branch","line":186,"loc":{"start":{"line":186,"column":56},"end":{"line":186,"column":64}},"locations":[{"start":{"line":186,"column":56},"end":{"line":186,"column":64}}]},"24":{"type":"branch","line":200,"loc":{"start":{"line":200,"column":7},"end":{"line":231,"column":1}},"locations":[{"start":{"line":200,"column":7},"end":{"line":231,"column":1}}]},"25":{"type":"branch","line":227,"loc":{"start":{"line":227,"column":2},"end":{"line":230,"column":3}},"locations":[{"start":{"line":227,"column":2},"end":{"line":230,"column":3}}]},"26":{"type":"branch","line":220,"loc":{"start":{"line":220,"column":34},"end":{"line":226,"column":6}},"locations":[{"start":{"line":220,"column":34},"end":{"line":226,"column":6}}]},"27":{"type":"branch","line":223,"loc":{"start":{"line":223,"column":26},"end":{"line":223,"column":48}},"locations":[{"start":{"line":223,"column":26},"end":{"line":223,"column":48}}]},"28":{"type":"branch","line":225,"loc":{"start":{"line":225,"column":20},"end":{"line":225,"column":58}},"locations":[{"start":{"line":225,"column":20},"end":{"line":225,"column":58}}]},"29":{"type":"branch","line":225,"loc":{"start":{"line":225,"column":54},"end":{"line":225,"column":63}},"locations":[{"start":{"line":225,"column":54},"end":{"line":225,"column":63}}]},"30":{"type":"branch","line":273,"loc":{"start":{"line":273,"column":7},"end":{"line":285,"column":1}},"locations":[{"start":{"line":273,"column":7},"end":{"line":285,"column":1}}]},"31":{"type":"branch","line":281,"loc":{"start":{"line":281,"column":2},"end":{"line":284,"column":3}},"locations":[{"start":{"line":281,"column":2},"end":{"line":284,"column":3}}]}},"b":{"0":[2],"1":[3],"2":[2],"3":[0],"4":[2],"5":[0],"6":[2],"7":[1],"8":[0],"9":[1],"10":[0],"11":[1],"12":[0],"13":[0],"14":[5],"15":[5],"16":[5],"17":[1],"18":[4],"19":[5],"20":[0],"21":[5],"22":[3],"23":[2],"24":[4],"25":[1],"26":[2],"27":[0],"28":[1],"29":[1],"30":[2],"31":[1]},"fnMap":{"0":{"name":"nowSeconds","decl":{"start":{"line":29,"column":0},"end":{"line":31,"column":1}},"loc":{"start":{"line":29,"column":0},"end":{"line":31,"column":1}},"line":29},"1":{"name":"checkDatabase","decl":{"start":{"line":36,"column":0},"end":{"line":54,"column":1}},"loc":{"start":{"line":36,"column":0},"end":{"line":54,"column":1}},"line":36},"2":{"name":"checkDisk","decl":{"start":{"line":59,"column":0},"end":{"line":87,"column":1}},"loc":{"start":{"line":59,"column":0},"end":{"line":87,"column":1}},"line":59},"3":{"name":"checkMemory","decl":{"start":{"line":92,"column":0},"end":{"line":116,"column":1}},"loc":{"start":{"line":92,"column":0},"end":{"line":116,"column":1}},"line":92},"4":{"name":"determineThresholdStatus","decl":{"start":{"line":118,"column":0},"end":{"line":126,"column":1}},"loc":{"start":{"line":118,"column":0},"end":{"line":126,"column":1}},"line":118},"5":{"name":"buildResult","decl":{"start":{"line":128,"column":0},"end":{"line":142,"column":1}},"loc":{"start":{"line":128,"column":0},"end":{"line":142,"column":1}},"line":128},"6":{"name":"runHealthChecks","decl":{"start":{"line":154,"column":7},"end":{"line":167,"column":1}},"loc":{"start":{"line":154,"column":7},"end":{"line":167,"column":1}},"line":154},"7":{"name":"persistHealthChecks","decl":{"start":{"line":169,"column":0},"end":{"line":195,"column":1}},"loc":{"start":{"line":169,"column":0},"end":{"line":195,"column":1}},"line":169},"8":{"name":"getLatestHealthChecks","decl":{"start":{"line":200,"column":7},"end":{"line":231,"column":1}},"loc":{"start":{"line":200,"column":7},"end":{"line":231,"column":1}},"line":200},"9":{"name":"startHealthPulse","decl":{"start":{"line":236,"column":7},"end":{"line":257,"column":1}},"loc":{"start":{"line":236,"column":7},"end":{"line":257,"column":1}},"line":236},"10":{"name":"stopHealthPulse","decl":{"start":{"line":262,"column":7},"end":{"line":268,"column":1}},"loc":{"start":{"line":262,"column":7},"end":{"line":268,"column":1}},"line":262},"11":{"name":"pruneHealthChecks","decl":{"start":{"line":273,"column":7},"end":{"line":285,"column":1}},"loc":{"start":{"line":273,"column":7},"end":{"line":285,"column":1}},"line":273}},"f":{"0":2,"1":3,"2":0,"3":1,"4":1,"5":5,"6":5,"7":5,"8":4,"9":0,"10":0,"11":2}}
,"/Users/Tony1/Documents/Ultron/src/lib/self-healing/index.ts": {"path":"/Users/Tony1/Documents/Ultron/src/lib/self-healing/index.ts","all":true,"statementMap":{"0":{"start":{"line":1,"column":0},"end":{"line":1,"column":3}}},"s":{"0":0},"branchMap":{"0":{"type":"branch","line":1,"loc":{"start":{"line":1,"column":1319},"end":{"line":68,"column":31}},"locations":[{"start":{"line":1,"column":1319},"end":{"line":68,"column":31}}]}},"b":{"0":[0]},"fnMap":{"0":{"name":"(empty-report)","decl":{"start":{"line":1,"column":1319},"end":{"line":68,"column":31}},"loc":{"start":{"line":1,"column":1319},"end":{"line":68,"column":31}},"line":1}},"f":{"0":0}}
,"/Users/Tony1/Documents/Ultron/src/lib/self-healing/migration.ts": {"path":"/Users/Tony1/Documents/Ultron/src/lib/self-healing/migration.ts","all":false,"statementMap":{"8":{"start":{"line":9,"column":0},"end":{"line":9,"column":48}},"9":{"start":{"line":10,"column":0},"end":{"line":10,"column":25}},"10":{"start":{"line":11,"column":0},"end":{"line":11,"column":34}},"11":{"start":{"line":12,"column":0},"end":{"line":12,"column":13}},"64":{"start":{"line":65,"column":0},"end":{"line":65,"column":6}},"65":{"start":{"line":66,"column":0},"end":{"line":66,"column":4}},"66":{"start":{"line":67,"column":0},"end":{"line":67,"column":1}}},"s":{"8":1,"9":1,"10":1,"11":0,"64":0,"65":0,"66":1},"branchMap":{},"b":{},"fnMap":{"0":{"name":"up","decl":{"start":{"line":11,"column":6},"end":{"line":66,"column":4}},"loc":{"start":{"line":11,"column":6},"end":{"line":66,"column":4}},"line":11}},"f":{"0":0}}
,"/Users/Tony1/Documents/Ultron/src/lib/self-healing/types.ts": {"path":"/Users/Tony1/Documents/Ultron/src/lib/self-healing/types.ts","all":true,"statementMap":{},"s":{},"branchMap":{"0":{"type":"branch","line":1,"loc":{"start":{"line":1,"column":2734},"end":{"line":97,"column":1}},"locations":[{"start":{"line":1,"column":2734},"end":{"line":97,"column":1}}]}},"b":{"0":[1]},"fnMap":{"0":{"name":"(empty-report)","decl":{"start":{"line":1,"column":2734},"end":{"line":97,"column":1}},"loc":{"start":{"line":1,"column":2734},"end":{"line":97,"column":1}},"line":1}},"f":{"0":1}}
,"/Users/Tony1/Documents/Ultron/src/lib/types/sql.ts": {"path":"/Users/Tony1/Documents/Ultron/src/lib/types/sql.ts","all":false,"statementMap":{"10":{"start":{"line":11,"column":0},"end":{"line":11,"column":55}},"11":{"start":{"line":12,"column":0},"end":{"line":12,"column":46}},"12":{"start":{"line":13,"column":0},"end":{"line":13,"column":41}},"13":{"start":{"line":14,"column":0},"end":{"line":14,"column":20}},"14":{"start":{"line":15,"column":0},"end":{"line":15,"column":1}},"19":{"start":{"line":20,"column":0},"end":{"line":20,"column":46}},"20":{"start":{"line":21,"column":0},"end":{"line":21,"column":38}},"21":{"start":{"line":22,"column":0},"end":{"line":22,"column":40}},"22":{"start":{"line":23,"column":0},"end":{"line":23,"column":1}}},"s":{"10":1,"11":10,"12":9,"13":6,"14":6,"19":1,"20":4,"21":3,"22":3},"branchMap":{"0":{"type":"branch","line":11,"loc":{"start":{"line":11,"column":7},"end":{"line":15,"column":1}},"locations":[{"start":{"line":11,"column":7},"end":{"line":15,"column":1}}]},"1":{"type":"branch","line":12,"loc":{"start":{"line":12,"column":28},"end":{"line":12,"column":46}},"locations":[{"start":{"line":12,"column":28},"end":{"line":12,"column":46}}]},"2":{"type":"branch","line":12,"loc":{"start":{"line":12,"column":39},"end":{"line":15,"column":1}},"locations":[{"start":{"line":12,"column":39},"end":{"line":15,"column":1}}]},"3":{"type":"branch","line":12,"loc":{"start":{"line":12,"column":39},"end":{"line":13,"column":38}},"locations":[{"start":{"line":12,"column":39},"end":{"line":13,"column":38}}]},"4":{"type":"branch","line":13,"loc":{"start":{"line":13,"column":31},"end":{"line":13,"column":41}},"locations":[{"start":{"line":13,"column":31},"end":{"line":13,"column":41}}]},"5":{"type":"branch","line":13,"loc":{"start":{"line":13,"column":38},"end":{"line":15,"column":1}},"locations":[{"start":{"line":13,"column":38},"end":{"line":15,"column":1}}]},"6":{"type":"branch","line":20,"loc":{"start":{"line":20,"column":7},"end":{"line":23,"column":1}},"locations":[{"start":{"line":20,"column":7},"end":{"line":23,"column":1}}]},"7":{"type":"branch","line":21,"loc":{"start":{"line":21,"column":28},"end":{"line":21,"column":38}},"locations":[{"start":{"line":21,"column":28},"end":{"line":21,"column":38}}]},"8":{"type":"branch","line":21,"loc":{"start":{"line":21,"column":35},"end":{"line":23,"column":1}},"locations":[{"start":{"line":21,"column":35},"end":{"line":23,"column":1}}]}},"b":{"0":[10],"1":[2],"2":[9],"3":[8],"4":[2],"5":[6],"6":[4],"7":[1],"8":[3]},"fnMap":{"0":{"name":"getErrorMessage","decl":{"start":{"line":11,"column":7},"end":{"line":15,"column":1}},"loc":{"start":{"line":11,"column":7},"end":{"line":15,"column":1}},"line":11},"1":{"name":"toError","decl":{"start":{"line":20,"column":7},"end":{"line":23,"column":1}},"loc":{"start":{"line":20,"column":7},"end":{"line":23,"column":1}},"line":20}},"f":{"0":10,"1":4}}
}
